#
# A fatal error has been detected by the Java Runtime Environment:
#
#  SIGSEGV (0xb) at pc=0x00007fd0450696ba, pid=2873, tid=140530646529792
#
# JRE version: Java(TM) SE Runtime Environment (8.0_65-b17) (build 1.8.0_65-b17)
# Java VM: Java HotSpot(TM) 64-Bit Server VM (25.65-b01 mixed mode linux-amd64 compressed oops)
# Problematic frame:
# v  ~BufferBlob::jni_fast_GetLongField
#
# Failed to write core dump. Core dumps have been disabled. To enable core dumping, try "ulimit -c unlimited" before starting Java again
#
# If you would like to submit a bug report, please visit:
#   http://bugreport.java.com/bugreport/crash.jsp
# The crash happened outside the Java Virtual Machine in native code.
# See problematic frame for where to report the bug.
#

---------------  T H R E A D  ---------------

Current thread (0x00007fcfe443b000):  JavaThread "AWT-XAWT" daemon [_thread_in_native, id=2942, stack(0x00007fcfd7343000,0x00007fcfd7444000)]

siginfo: si_signo: 11 (SIGSEGV), si_code: 1 (SEGV_MAPERR), si_addr: 0x0000000000000000

Registers:
RAX=0x00007fd05cc8cda0, RBX=0x00007fcfe443b1f8, RCX=0x00007fd05d6ea320, RDX=0x0000000000000042
RSP=0x00007fcfd74427f8, RBP=0x00007fcfd7442820, RSI=0x0000000000000000, RDI=0x00007fcfe443b1f8
R8 =0x00000000c4687528, R9 =0x0000000000000000, R10=0x00000000000001ca, R11=0x00007fd0459b5118
R12=0x00007fcfc0010a10, R13=0x0000000000000000, R14=0x00007fcfd7b167e0, R15=0x00007fcfe443b000
RIP=0x00007fd0450696ba, EFLAGS=0x0000000000010246, CSGSFS=0x0000000000000033, ERR=0x0000000000000004
  TRAPNO=0x000000000000000e

Top of Stack: (sp=0x00007fcfd74427f8)
0x00007fcfd74427f8:   00007fcfd78f4e61 00007fcfd76c3e50
0x00007fcfd7442808:   00007fcfc0010a10 00007fcfd74428d0
0x00007fcfd7442818:   00007fcfd74428a0 0000000000000008
0x00007fcfd7442828:   00007fd02e35dae8 00007fcfd76c3e50
0x00007fcfd7442838:   00007fcfd7442860 0000000000000000
0x00007fcfd7442848:   00007fd02e3559a3 00007fcfd74428d0
0x00007fcfd7442858:   00007fcfd78ee09f 00007fcfd74428b0
0x00007fcfd7442868:   00007fd0459b51b6 0000000000000000
0x00007fcfd7442878:   00007fd0453f54b6 00007fcfd74428d0
0x00007fcfd7442888:   00007fd05c39a07b 00007fcfd7442930
0x00007fcfd7442898:   00000000ed1ed320 00000000c48d5f58
0x00007fcfd74428a8:   0000000000000009 00007fcfd7442930
0x00007fcfd74428b8:   00007fd045007420 00007fcfd7442930
0x00007fcfd74428c8:   00007fd045007420 0000000000000000
0x00007fcfd74428d8:   00007fd045007760 00007fcfc4000e30
0x00007fcfd74428e8:   00000000ed1ecf30 00007fcfd74428f0
0x00007fcfd74428f8:   00007fd01c30f8c4 00007fcfd7442978
0x00007fcfd7442908:   00007fd01c318820 0000000000000000
0x00007fcfd7442918:   00007fd01c30fa00 00007fcfd74428d0
0x00007fcfd7442928:   00007fcfd7442970 00007fcfd74429c0
0x00007fcfd7442938:   00007fd045007c4d 0000000000000000
0x00007fcfd7442948:   00000000ec284a68 0000000000000000
0x00007fcfd7442958:   0000000000000000 0000000000000000
0x00007fcfd7442968:   00000000ed1ecf30 0000000000000000
0x00007fcfd7442978:   00000000ed1bd760 00007fcfd7442980
0x00007fcfd7442988:   00007fd01c30f705 00007fcfd74429d0
0x00007fcfd7442998:   00007fd01c318820 0000000000000000
0x00007fcfd74429a8:   00007fd01c30f710 00007fcfd7442970
0x00007fcfd74429b8:   00007fcfd74429d0 00007fcfd7442a18
0x00007fcfd74429c8:   00007fd045007c92 00000000ed1bd760
0x00007fcfd74429d8:   00007fcfd74429d8 00007fd0590dc9cb
0x00007fcfd74429e8:   00007fcfd7442a28 00007fd059163480 

Instructions: (pc=0x00007fd0450696ba)
0x00007fd04506969a:   00 00 00 00 00 00 44 8b 15 81 dc c5 17 4c 8b ce
0x00007fd0450696aa:   41 f6 c2 01 0f 85 2e 00 00 00 4d 33 ca 4d 33 ca
0x00007fd0450696ba:   4d 8b 09 4c 8b da 49 c1 eb 02 4b 8b 04 19 49 bb
0x00007fd0450696ca:   28 73 cc 5c d0 7f 00 00 4c 33 d8 4c 33 d8 45 3b 

Register to memory mapping:

RAX=0x00007fd05cc8cda0: <offset 0xf74da0> in /usr/local/java/jre1.8.0_65/lib/amd64/server/libjvm.so at 0x00007fd05bd18000
RBX=0x00007fcfe443b1f8 is an unknown value
RCX=0x00007fd05d6ea320: <offset 0x219320> in /lib/x86_64-linux-gnu/libpthread.so.0 at 0x00007fd05d4d1000
RDX=0x0000000000000042 is an unknown value
RSP=0x00007fcfd74427f8 is pointing into the stack for thread: 0x00007fcfe443b000
RBP=0x00007fcfd7442820 is pointing into the stack for thread: 0x00007fcfe443b000
RSI=0x0000000000000000 is an unknown value
RDI=0x00007fcfe443b1f8 is an unknown value
R8 =0x00000000c4687528 is an oop
sun.util.logging.PlatformLogger$Level 
 - klass: 'sun/util/logging/PlatformLogger$Level'
R9 =0x0000000000000000 is an unknown value
R10=0x00000000000001ca is an unknown value
R11=0x00007fd0459b5118 is at entry_point+24 in (nmethod*)0x00007fd0459b4f90
R12=0x00007fcfc0010a10 is an unknown value
R13=0x0000000000000000 is an unknown value
R14=0x00007fcfd7b167e0: <offset 0x2587e0> in /usr/local/java/jre1.8.0_65/lib/amd64/libawt_xawt.so at 0x00007fcfd78be000
R15=0x00007fcfe443b000 is a thread


Stack: [0x00007fcfd7343000,0x00007fcfd7444000],  sp=0x00007fcfd74427f8,  free space=1021k
Native frames: (J=compiled Java code, j=interpreted, Vv=VM code, C=native code)
v  ~BufferBlob::jni_fast_GetLongField
C  [libX11.so.6+0x61ae8]  _XimServerDestroy+0x58

Java frames: (J=compiled Java code, j=interpreted, Vv=VM code)
J 3507  sun.awt.X11.XlibWrapper.XFilterEvent(JJ)Z (0 bytes) @ 0x00007fd0459b5144 [0x00007fd0459b5100+0x44]
j  sun.awt.X11.XToolkit.run(Z)V+300
j  sun.awt.X11.XToolkit.run()V+5
j  java.lang.Thread.run()V+11
v  ~StubRoutines::call_stub

---------------  P R O C E S S  ---------------

Java Threads: ( => current thread )
=>0x00007fcfe443b000 JavaThread "AWT-XAWT" daemon [_thread_in_native, id=2942, stack(0x00007fcfd7343000,0x00007fcfd7444000)]
  0x00007fcfe440b000 JavaThread "Java2D Disposer" daemon [_thread_blocked, id=2941, stack(0x00007fd01c01f000,0x00007fd01c120000)]
  0x00007fcfe4325800 JavaThread "Abandoned connection cleanup thread" daemon [_thread_blocked, id=2939, stack(0x00007fd01c320000,0x00007fd01c421000)]
  0x00007fcfe4275000 JavaThread "Prism Font Disposer" daemon [_thread_blocked, id=2910, stack(0x00007fd02438b000,0x00007fd02448c000)]
  0x00007fd054270800 JavaThread "JavaFX-Launcher" [_thread_blocked, id=2905, stack(0x00007fd025422000,0x00007fd025523000)]
  0x00007fd05426d000 JavaThread "JavaFX Application Thread" [_thread_in_native, id=2904, stack(0x00007fd025523000,0x00007fd025624000)]
  0x00007fd054241800 JavaThread "Thread-1" daemon [_thread_blocked, id=2903, stack(0x00007fd025624000,0x00007fd025725000)]
  0x00007fd0541d8800 JavaThread "QuantumRenderer-0" daemon [_thread_blocked, id=2902, stack(0x00007fd0352b6000,0x00007fd0353b7000)]
  0x00007fd0540e5800 JavaThread "Service Thread" daemon [_thread_blocked, id=2900, stack(0x00007fd0354b8000,0x00007fd0355b9000)]
  0x00007fd0540c8000 JavaThread "C1 CompilerThread3" daemon [_thread_blocked, id=2899, stack(0x00007fd0355b9000,0x00007fd0356ba000)]
  0x00007fd0540c6000 JavaThread "C2 CompilerThread2" daemon [_thread_blocked, id=2898, stack(0x00007fd0356ba000,0x00007fd0357bb000)]
  0x00007fd0540c4000 JavaThread "C2 CompilerThread1" daemon [_thread_blocked, id=2897, stack(0x00007fd0357bb000,0x00007fd0358bc000)]
  0x00007fd0540c1800 JavaThread "C2 CompilerThread0" daemon [_thread_blocked, id=2896, stack(0x00007fd0358bc000,0x00007fd0359bd000)]
  0x00007fd0540c0000 JavaThread "Signal Dispatcher" daemon [_thread_blocked, id=2895, stack(0x00007fd0359bd000,0x00007fd035abe000)]
  0x00007fd054087000 JavaThread "Finalizer" daemon [_thread_blocked, id=2894, stack(0x00007fd035ffe000,0x00007fd0360ff000)]
  0x00007fd054085000 JavaThread "Reference Handler" daemon [_thread_blocked, id=2893, stack(0x00007fd0360ff000,0x00007fd036200000)]
  0x00007fd054009800 JavaThread "main" [_thread_blocked, id=2883, stack(0x00007fd05d7e9000,0x00007fd05d8ea000)]

Other Threads:
  0x00007fd054080000 VMThread [stack: 0x00007fd0440f1000,0x00007fd0441f2000] [id=2892]
  0x00007fd0540f0000 WatcherThread [stack: 0x00007fd0353b7000,0x00007fd0354b8000] [id=2901]

VM state:not at safepoint (normal execution)

VM Mutex/Monitor currently owned by a thread: None

Heap:
 PSYoungGen      total 17920K, used 11752K [0x00000000ec000000, 0x00000000ed780000, 0x0000000100000000)
  eden space 15360K, 60% used [0x00000000ec000000,0x00000000ec901a60,0x00000000ecf00000)
  from space 2560K, 98% used [0x00000000ed180000,0x00000000ed3f8830,0x00000000ed400000)
  to   space 2560K, 0% used [0x00000000ecf00000,0x00000000ecf00000,0x00000000ed180000)
 ParOldGen       total 41472K, used 9131K [0x00000000c4000000, 0x00000000c6880000, 0x00000000ec000000)
  object space 41472K, 22% used [0x00000000c4000000,0x00000000c48eaf88,0x00000000c6880000)
 Metaspace       used 28663K, capacity 30076K, committed 30336K, reserved 1075200K
  class space    used 3876K, capacity 4125K, committed 4224K, reserved 1048576K

Card table byte_map: [0x00007fd05a3d7000,0x00007fd05a5b8000] byte_map_base: 0x00007fd059db7000

Marking Bits: (ParMarkBitMap*) 0x00007fd05ccc6de0
 Begin Bits: [0x00007fd036200000, 0x00007fd037100000)
 End Bits:   [0x00007fd037100000, 0x00007fd038000000)

Polling page: 0x00007fd05d90e000

CodeCache: size=245760Kb used=10074Kb max_used=10086Kb free=235685Kb
 bounds [0x00007fd045000000, 0x00007fd0459f0000, 0x00007fd054000000]
 total_blobs=4233 nmethods=3323 adapters=822
 compilation: enabled

Compilation events (10 events):
Event: 1876,504 Thread 0x00007fd0540c6000 3529       4       java.lang.Long::valueOf (36 bytes)
Event: 1876,512 Thread 0x00007fd0540c6000 nmethod 3529 0x00007fd0459da850 code [0x00007fd0459da9a0, 0x00007fd0459daad8]
Event: 1877,589 Thread 0x00007fd0540c4000 3530       4       java.lang.Long::compareTo (9 bytes)
Event: 1877,595 Thread 0x00007fd0540c4000 nmethod 3530 0x00007fd0459df050 code [0x00007fd0459df1a0, 0x00007fd0459df258]
Event: 1914,265 Thread 0x00007fd0540c6000 3531   !   4       sun.awt.X11.XToolkit::getNextTaskTime (55 bytes)
Event: 1914,293 Thread 0x00007fd0540c6000 nmethod 3531 0x00007fd0459e2a10 code [0x00007fd0459e2ba0, 0x00007fd0459e2ec8]
Event: 2219,050 Thread 0x00007fd0540c4000 3532       4       java.util.TreeMap::getEntry (84 bytes)
Event: 2219,122 Thread 0x00007fd0540c4000 nmethod 3532 0x00007fd0459e3c90 code [0x00007fd0459e3e40, 0x00007fd0459e4698]
Event: 2232,881 Thread 0x00007fd0540c8000 3533       1       sun.awt.X11.XEvent::getPData (5 bytes)
Event: 2232,881 Thread 0x00007fd0540c8000 nmethod 3533 0x00007fd0459ded10 code [0x00007fd0459dee60, 0x00007fd0459def70]

GC Heap History (10 events):
Event: 6,115 GC heap before
{Heap before GC invocations=1 (full 0):
 PSYoungGen      total 17920K, used 15360K [0x00000000ec000000, 0x00000000ed400000, 0x0000000100000000)
  eden space 15360K, 100% used [0x00000000ec000000,0x00000000ecf00000,0x00000000ecf00000)
  from space 2560K, 0% used [0x00000000ed180000,0x00000000ed180000,0x00000000ed400000)
  to   space 2560K, 0% used [0x00000000ecf00000,0x00000000ecf00000,0x00000000ed180000)
 ParOldGen       total 40960K, used 0K [0x00000000c4000000, 0x00000000c6800000, 0x00000000ec000000)
  object space 40960K, 0% used [0x00000000c4000000,0x00000000c4000000,0x00000000c6800000)
 Metaspace       used 9244K, capacity 9626K, committed 9728K, reserved 1058816K
  class space    used 1155K, capacity 1240K, committed 1280K, reserved 1048576K
Event: 6,136 GC heap after
Heap after GC invocations=1 (full 0):
 PSYoungGen      total 17920K, used 2544K [0x00000000ec000000, 0x00000000ed400000, 0x0000000100000000)
  eden space 15360K, 0% used [0x00000000ec000000,0x00000000ec000000,0x00000000ecf00000)
  from space 2560K, 99% used [0x00000000ecf00000,0x00000000ed17c030,0x00000000ed180000)
  to   space 2560K, 0% used [0x00000000ed180000,0x00000000ed180000,0x00000000ed400000)
 ParOldGen       total 40960K, used 248K [0x00000000c4000000, 0x00000000c6800000, 0x00000000ec000000)
  object space 40960K, 0% used [0x00000000c4000000,0x00000000c403e010,0x00000000c6800000)
 Metaspace       used 9244K, capacity 9626K, committed 9728K, reserved 1058816K
  class space    used 1155K, capacity 1240K, committed 1280K, reserved 1048576K
}
Event: 9,421 GC heap before
{Heap before GC invocations=2 (full 0):
 PSYoungGen      total 17920K, used 17859K [0x00000000ec000000, 0x00000000ed400000, 0x0000000100000000)
  eden space 15360K, 99% used [0x00000000ec000000,0x00000000ecef4f10,0x00000000ecf00000)
  from space 2560K, 99% used [0x00000000ecf00000,0x00000000ed17c030,0x00000000ed180000)
  to   space 2560K, 0% used [0x00000000ed180000,0x00000000ed180000,0x00000000ed400000)
 ParOldGen       total 40960K, used 248K [0x00000000c4000000, 0x00000000c6800000, 0x00000000ec000000)
  object space 40960K, 0% used [0x00000000c4000000,0x00000000c403e010,0x00000000c6800000)
 Metaspace       used 15046K, capacity 15758K, committed 16000K, reserved 1062912K
  class space    used 2221K, capacity 2400K, committed 2432K, reserved 1048576K
Event: 9,447 GC heap after
Heap after GC invocations=2 (full 0):
 PSYoungGen      total 17920K, used 2535K [0x00000000ec000000, 0x00000000ed400000, 0x0000000100000000)
  eden space 15360K, 0% used [0x00000000ec000000,0x00000000ec000000,0x00000000ecf00000)
  from space 2560K, 99% used [0x00000000ed180000,0x00000000ed3f9f00,0x00000000ed400000)
  to   space 2560K, 0% used [0x00000000ecf00000,0x00000000ecf00000,0x00000000ed180000)
 ParOldGen       total 40960K, used 2422K [0x00000000c4000000, 0x00000000c6800000, 0x00000000ec000000)
  object space 40960K, 5% used [0x00000000c4000000,0x00000000c425daa0,0x00000000c6800000)
 Metaspace       used 15046K, capacity 15758K, committed 16000K, reserved 1062912K
  class space    used 2221K, capacity 2400K, committed 2432K, reserved 1048576K
}
Event: 25,621 GC heap before
{Heap before GC invocations=3 (full 0):
 PSYoungGen      total 17920K, used 15114K [0x00000000ec000000, 0x00000000ed400000, 0x0000000100000000)
  eden space 15360K, 81% used [0x00000000ec000000,0x00000000ecc48cb8,0x00000000ecf00000)
  from space 2560K, 99% used [0x00000000ed180000,0x00000000ed3f9f00,0x00000000ed400000)
  to   space 2560K, 0% used [0x00000000ecf00000,0x00000000ecf00000,0x00000000ed180000)
 ParOldGen       total 40960K, used 2422K [0x00000000c4000000, 0x00000000c6800000, 0x00000000ec000000)
  object space 40960K, 5% used [0x00000000c4000000,0x00000000c425daa0,0x00000000c6800000)
 Metaspace       used 20380K, capacity 21110K, committed 21248K, reserved 1067008K
  class space    used 2743K, capacity 2962K, committed 3072K, reserved 1048576K
Event: 25,641 GC heap after
Heap after GC invocations=3 (full 0):
 PSYoungGen      total 17920K, used 2528K [0x00000000ec000000, 0x00000000ed400000, 0x0000000100000000)
  eden space 15360K, 0% used [0x00000000ec000000,0x00000000ec000000,0x00000000ecf00000)
  from space 2560K, 98% used [0x00000000ecf00000,0x00000000ed178050,0x00000000ed180000)
  to   space 2560K, 0% used [0x00000000ed180000,0x00000000ed180000,0x00000000ed400000)
 ParOldGen       total 40960K, used 6794K [0x00000000c4000000, 0x00000000c6800000, 0x00000000ec000000)
  object space 40960K, 16% used [0x00000000c4000000,0x00000000c46a2a58,0x00000000c6800000)
 Metaspace       used 20380K, capacity 21110K, committed 21248K, reserved 1067008K
  class space    used 2743K, capacity 2962K, committed 3072K, reserved 1048576K
}
Event: 25,641 GC heap before
{Heap before GC invocations=4 (full 1):
 PSYoungGen      total 17920K, used 2528K [0x00000000ec000000, 0x00000000ed400000, 0x0000000100000000)
  eden space 15360K, 0% used [0x00000000ec000000,0x00000000ec000000,0x00000000ecf00000)
  from space 2560K, 98% used [0x00000000ecf00000,0x00000000ed178050,0x00000000ed180000)
  to   space 2560K, 0% used [0x00000000ed180000,0x00000000ed180000,0x00000000ed400000)
 ParOldGen       total 40960K, used 6794K [0x00000000c4000000, 0x00000000c6800000, 0x00000000ec000000)
  object space 40960K, 16% used [0x00000000c4000000,0x00000000c46a2a58,0x00000000c6800000)
 Metaspace       used 20380K, capacity 21110K, committed 21248K, reserved 1067008K
  class space    used 2743K, capacity 2962K, committed 3072K, reserved 1048576K
Event: 25,913 GC heap after
Heap after GC invocations=4 (full 1):
 PSYoungGen      total 17920K, used 0K [0x00000000ec000000, 0x00000000ed400000, 0x0000000100000000)
  eden space 15360K, 0% used [0x00000000ec000000,0x00000000ec000000,0x00000000ecf00000)
  from space 2560K, 0% used [0x00000000ecf00000,0x00000000ecf00000,0x00000000ed180000)
  to   space 2560K, 0% used [0x00000000ed180000,0x00000000ed180000,0x00000000ed400000)
 ParOldGen       total 41472K, used 9047K [0x00000000c4000000, 0x00000000c6880000, 0x00000000ec000000)
  object space 41472K, 21% used [0x00000000c4000000,0x00000000c48d5de8,0x00000000c6880000)
 Metaspace       used 20380K, capacity 21110K, committed 21248K, reserved 1067008K
  class space    used 2743K, capacity 2962K, committed 3072K, reserved 1048576K
}
Event: 50,995 GC heap before
{Heap before GC invocations=5 (full 1):
 PSYoungGen      total 17920K, used 15345K [0x00000000ec000000, 0x00000000ed400000, 0x0000000100000000)
  eden space 15360K, 99% used [0x00000000ec000000,0x00000000ecefc428,0x00000000ecf00000)
  from space 2560K, 0% used [0x00000000ecf00000,0x00000000ecf00000,0x00000000ed180000)
  to   space 2560K, 0% used [0x00000000ed180000,0x00000000ed180000,0x00000000ed400000)
 ParOldGen       total 41472K, used 9047K [0x00000000c4000000, 0x00000000c6880000, 0x00000000ec000000)
  object space 41472K, 21% used [0x00000000c4000000,0x00000000c48d5de8,0x00000000c6880000)
 Metaspace       used 27407K, capacity 28438K, committed 28544K, reserved 1073152K
  class space    used 3672K, capacity 3908K, committed 3968K, reserved 1048576K
Event: 51,008 GC heap after
Heap after GC invocations=5 (full 1):
 PSYoungGen      total 17920K, used 2530K [0x00000000ec000000, 0x00000000ed780000, 0x0000000100000000)
  eden space 15360K, 0% used [0x00000000ec000000,0x00000000ec000000,0x00000000ecf00000)
  from space 2560K, 98% used [0x00000000ed180000,0x00000000ed3f8830,0x00000000ed400000)
  to   space 2560K, 0% used [0x00000000ecf00000,0x00000000ecf00000,0x00000000ed180000)
 ParOldGen       total 41472K, used 9131K [0x00000000c4000000, 0x00000000c6880000, 0x00000000ec000000)
  object space 41472K, 22% used [0x00000000c4000000,0x00000000c48eaf88,0x00000000c6880000)
 Metaspace       used 27407K, capacity 28438K, committed 28544K, reserved 1073152K
  class space    used 3672K, capacity 3908K, committed 3968K, reserved 1048576K
}

Deoptimization events (10 events):
Event: 46,777 Thread 0x00007fd05426d000 Uncommon trap: reason=class_check action=maybe_recompile pc=0x00007fd0457a6e34 method=javafx.scene.Node$MiscProperties.getEffect()Ljavafx/scene/effect/Effect; @ 20
Event: 46,778 Thread 0x00007fd05426d000 Uncommon trap: reason=class_check action=maybe_recompile pc=0x00007fd0457a6e34 method=javafx.scene.Node$MiscProperties.getEffect()Ljavafx/scene/effect/Effect; @ 20
Event: 48,586 Thread 0x00007fd05426d000 Uncommon trap: reason=class_check action=maybe_recompile pc=0x00007fd0457d3a0c method=java.util.WeakHashMap.eq(Ljava/lang/Object;Ljava/lang/Object;)Z @ 7
Event: 48,611 Thread 0x00007fd05426d000 Uncommon trap: reason=class_check action=maybe_recompile pc=0x00007fd0457d3a0c method=java.util.WeakHashMap.eq(Ljava/lang/Object;Ljava/lang/Object;)Z @ 7
Event: 48,632 Thread 0x00007fd05426d000 Uncommon trap: reason=class_check action=maybe_recompile pc=0x00007fd0457a6e34 method=javafx.scene.Node$MiscProperties.getEffect()Ljavafx/scene/effect/Effect; @ 20
Event: 48,633 Thread 0x00007fd05426d000 Uncommon trap: reason=class_check action=maybe_recompile pc=0x00007fd0457a6e34 method=javafx.scene.Node$MiscProperties.getEffect()Ljavafx/scene/effect/Effect; @ 20
Event: 80,811 Thread 0x00007fd05426d000 Uncommon trap: reason=class_check action=maybe_recompile pc=0x00007fd04591e2d4 method=com.sun.javafx.css.CompoundSelector.stateMatches(Ljavafx/css/Styleable;Ljava/util/Set;I)Z @ 123
Event: 80,812 Thread 0x00007fd05426d000 Uncommon trap: reason=class_check action=maybe_recompile pc=0x00007fd04591e2d4 method=com.sun.javafx.css.CompoundSelector.stateMatches(Ljavafx/css/Styleable;Ljava/util/Set;I)Z @ 123
Event: 80,812 Thread 0x00007fd05426d000 Uncommon trap: reason=class_check action=maybe_recompile pc=0x00007fd04591e334 method=com.sun.javafx.css.CompoundSelector.stateMatches(Ljavafx/css/Styleable;Ljava/util/Set;I)Z @ 181
Event: 80,813 Thread 0x00007fd05426d000 Uncommon trap: reason=class_check action=maybe_recompile pc=0x00007fd04591e334 method=com.sun.javafx.css.CompoundSelector.stateMatches(Ljavafx/css/Styleable;Ljava/util/Set;I)Z @ 181

Internal exceptions (10 events):
Event: 25,521 Thread 0x00007fd05426d000 Exception <a 'java/io/FileNotFoundException'> (0x00000000ecc34820) thrown at [/HUDSON/workspace/8-2-build-linux-amd64/jdk8u65/4987/hotspot/src/share/vm/prims/jni.cpp, line 709]
Event: 25,521 Thread 0x00007fd05426d000 Exception <a 'java/io/FileNotFoundException'> (0x00000000ecc356b0) thrown at [/HUDSON/workspace/8-2-build-linux-amd64/jdk8u65/4987/hotspot/src/share/vm/prims/jni.cpp, line 709]
Event: 27,707 Thread 0x00007fcfe4604800 Exception <a 'java/lang/UnsupportedOperationException': > (0x00000000ec2b4498) thrown at [/HUDSON/workspace/8-2-build-linux-amd64/jdk8u65/4987/hotspot/src/share/vm/prims/jni.cpp, line 735]
Event: 34,920 Thread 0x00007fd05426d000 Exception <a 'java/lang/ArrayIndexOutOfBoundsException'> (0x00000000ec4f7d28) thrown at [/HUDSON/workspace/8-2-build-linux-amd64/jdk8u65/4987/hotspot/src/share/vm/runtime/sharedRuntime.cpp, line 605]
Event: 34,923 Thread 0x00007fd05426d000 Exception <a 'java/lang/ArrayIndexOutOfBoundsException'> (0x00000000ec4fcb10) thrown at [/HUDSON/workspace/8-2-build-linux-amd64/jdk8u65/4987/hotspot/src/share/vm/runtime/sharedRuntime.cpp, line 605]
Event: 34,982 Thread 0x00007fd05426d000 Exception <a 'java/lang/ArrayIndexOutOfBoundsException'> (0x00000000ec59afc8) thrown at [/HUDSON/workspace/8-2-build-linux-amd64/jdk8u65/4987/hotspot/src/share/vm/runtime/sharedRuntime.cpp, line 605]
Event: 35,833 Thread 0x00007fd05426d000 Implicit null exception at 0x00007fd04574d79a to 0x00007fd04574e14d
Event: 80,628 Thread 0x00007fd05426d000 Exception <a 'java/lang/ArrayIndexOutOfBoundsException'> (0x00000000ec51f168) thrown at [/HUDSON/workspace/8-2-build-linux-amd64/jdk8u65/4987/hotspot/src/share/vm/runtime/sharedRuntime.cpp, line 605]
Event: 80,629 Thread 0x00007fd05426d000 Exception <a 'java/lang/ArrayIndexOutOfBoundsException'> (0x00000000ec5203b8) thrown at [/HUDSON/workspace/8-2-build-linux-amd64/jdk8u65/4987/hotspot/src/share/vm/runtime/sharedRuntime.cpp, line 605]
Event: 80,630 Thread 0x00007fd05426d000 Exception <a 'java/lang/ArrayIndexOutOfBoundsException'> (0x00000000ec521e10) thrown at [/HUDSON/workspace/8-2-build-linux-amd64/jdk8u65/4987/hotspot/src/share/vm/runtime/sharedRuntime.cpp, line 605]

Events (10 events):
Event: 80,936 loading class com/sun/prism/impl/shape/BasicRoundRectRep
Event: 80,936 loading class com/sun/prism/impl/shape/BasicRoundRectRep done
Event: 80,937 loading class com/sun/prism/impl/shape/BasicShapeRep
Event: 80,937 loading class com/sun/prism/impl/shape/BasicShapeRep done
Event: 80,937 Executing VM operation: Deoptimize
Event: 80,939 Executing VM operation: Deoptimize done
Event: 80,941 loading class com/sun/prism/shader/Solid_Color_Loader
Event: 80,941 loading class com/sun/prism/shader/Solid_Color_Loader done
Event: 95,183 loading class javafx/scene/input/MouseEvent$1
Event: 95,183 loading class javafx/scene/input/MouseEvent$1 done


Dynamic libraries:
00400000-00401000 r-xp 00000000 08:06 2893647                            /usr/local/java/jre1.8.0_65/bin/java
00600000-00601000 rw-p 00000000 08:06 2893647                            /usr/local/java/jre1.8.0_65/bin/java
0183a000-0185b000 rw-p 00000000 00:00 0                                  [heap]
409d7000-409d9000 r-xs 00000000 08:06 3702589                            /tmp/.glrYIAt1 (deleted)
410d3000-41172000 rw-p 00000000 00:00 0 
c4000000-c6880000 rw-p 00000000 00:00 0 
c6880000-ec000000 ---p 00000000 00:00 0 
ec000000-ed780000 rw-p 00000000 00:00 0 
ed780000-100000000 ---p 00000000 00:00 0 
100000000-100420000 rw-p 00000000 00:00 0 
100420000-140000000 ---p 00000000 00:00 0 
7fcfbc000000-7fcfbc021000 rw-p 00000000 00:00 0 
7fcfbc021000-7fcfc0000000 ---p 00000000 00:00 0 
7fcfc0000000-7fcfc0021000 rw-p 00000000 00:00 0 
7fcfc0021000-7fcfc4000000 ---p 00000000 00:00 0 
7fcfc4000000-7fcfc4028000 rw-p 00000000 00:00 0 
7fcfc4028000-7fcfc8000000 ---p 00000000 00:00 0 
7fcfc8000000-7fcfc8021000 rw-p 00000000 00:00 0 
7fcfc8021000-7fcfcc000000 ---p 00000000 00:00 0 
7fcfcc000000-7fcfcc021000 rw-p 00000000 00:00 0 
7fcfcc021000-7fcfd0000000 ---p 00000000 00:00 0 
7fcfd0000000-7fcfd0021000 rw-p 00000000 00:00 0 
7fcfd0021000-7fcfd4000000 ---p 00000000 00:00 0 
7fcfd5bdd000-7fcfd5d5d000 rw-p 00000000 00:00 0 
7fcfd5d5d000-7fcfd5ddd000 ---p 00000000 00:00 0 
7fcfd5ddd000-7fcfd61dd000 rw-s 149207000 00:06 17998                     /dev/nvidiactl
7fcfd61dd000-7fcfd670f000 rw-p 00000000 00:00 0 
7fcfd670f000-7fcfd6758000 r--p 00000000 08:06 3016086                    /usr/share/fonts/truetype/croscore/Cousine-Bold.ttf
7fcfd6758000-7fcfd67af000 r--p 00000000 08:06 3016297                    /usr/share/fonts/truetype/ubuntu-font-family/Ubuntu-R.ttf
7fcfd67af000-7fcfd69af000 rw-p 00000000 00:00 0 
7fcfd69af000-7fcfd69b2000 ---p 00000000 00:00 0 
7fcfd69b2000-7fcfd6ab0000 rw-p 00000000 00:00 0 
7fcfd6ab0000-7fcfd6ab3000 ---p 00000000 00:00 0 
7fcfd6ab3000-7fcfd6bb1000 rw-p 00000000 00:00 0 
7fcfd6bb1000-7fcfd6c1a000 r-xp 00000000 08:06 2893438                    /usr/local/java/jre1.8.0_65/lib/amd64/libt2k.so
7fcfd6c1a000-7fcfd6e1a000 ---p 00069000 08:06 2893438                    /usr/local/java/jre1.8.0_65/lib/amd64/libt2k.so
7fcfd6e1a000-7fcfd6e21000 rw-p 00069000 08:06 2893438                    /usr/local/java/jre1.8.0_65/lib/amd64/libt2k.so
7fcfd6e21000-7fcfd6e31000 rw-p 00000000 00:00 0 
7fcfd6e31000-7fcfd6e42000 r-xp 00000000 08:06 2893478                    /usr/local/java/jre1.8.0_65/lib/amd64/libnio.so
7fcfd6e42000-7fcfd7041000 ---p 00011000 08:06 2893478                    /usr/local/java/jre1.8.0_65/lib/amd64/libnio.so
7fcfd7041000-7fcfd7042000 rw-p 00010000 08:06 2893478                    /usr/local/java/jre1.8.0_65/lib/amd64/libnio.so
7fcfd7042000-7fcfd7242000 rw-p 00000000 00:00 0 
7fcfd7242000-7fcfd7245000 ---p 00000000 00:00 0 
7fcfd7245000-7fcfd7343000 rw-p 00000000 00:00 0 
7fcfd7343000-7fcfd7346000 ---p 00000000 00:00 0 
7fcfd7346000-7fcfd7444000 rw-p 00000000 00:00 0                          [stack:2942]
7fcfd7444000-7fcfd74a9000 r-xp 00000000 08:06 2893439                    /usr/local/java/jre1.8.0_65/lib/amd64/libfontmanager.so
7fcfd74a9000-7fcfd76a9000 ---p 00065000 08:06 2893439                    /usr/local/java/jre1.8.0_65/lib/amd64/libfontmanager.so
7fcfd76a9000-7fcfd76ad000 rw-p 00065000 08:06 2893439                    /usr/local/java/jre1.8.0_65/lib/amd64/libfontmanager.so
7fcfd76ad000-7fcfd78be000 rw-p 00000000 00:00 0 
7fcfd78be000-7fcfd7912000 r-xp 00000000 08:06 2893448                    /usr/local/java/jre1.8.0_65/lib/amd64/libawt_xawt.so
7fcfd7912000-7fcfd7b12000 ---p 00054000 08:06 2893448                    /usr/local/java/jre1.8.0_65/lib/amd64/libawt_xawt.so
7fcfd7b12000-7fcfd7b16000 rw-p 00054000 08:06 2893448                    /usr/local/java/jre1.8.0_65/lib/amd64/libawt_xawt.so
7fcfd7b16000-7fcfd7b17000 rw-p 00000000 00:00 0 
7fcfd7b17000-7fcfd7bb9000 r-xp 00000000 08:06 2893455                    /usr/local/java/jre1.8.0_65/lib/amd64/libawt.so
7fcfd7bb9000-7fcfd7db9000 ---p 000a2000 08:06 2893455                    /usr/local/java/jre1.8.0_65/lib/amd64/libawt.so
7fcfd7db9000-7fcfd7dc5000 rw-p 000a2000 08:06 2893455                    /usr/local/java/jre1.8.0_65/lib/amd64/libawt.so
7fcfd7dc5000-7fcfd7de9000 rw-p 00000000 00:00 0 
7fcfd7de9000-7fcfd7dff000 r-xp 00000000 08:06 2893410                    /usr/local/java/jre1.8.0_65/lib/amd64/libnet.so
7fcfd7dff000-7fcfd7fff000 ---p 00016000 08:06 2893410                    /usr/local/java/jre1.8.0_65/lib/amd64/libnet.so
7fcfd7fff000-7fcfd8000000 rw-p 00016000 08:06 2893410                    /usr/local/java/jre1.8.0_65/lib/amd64/libnet.so
7fcfd8000000-7fcfd8021000 rw-p 00000000 00:00 0 
7fcfd8021000-7fcfdc000000 ---p 00000000 00:00 0 
7fcfdc000000-7fcfdc021000 rw-p 00000000 00:00 0 
7fcfdc021000-7fcfe0000000 ---p 00000000 00:00 0 
7fcfe0000000-7fcfe0021000 rw-p 00000000 00:00 0 
7fcfe0021000-7fcfe4000000 ---p 00000000 00:00 0 
7fcfe4000000-7fcfe485e000 rw-p 00000000 00:00 0 
7fcfe485e000-7fcfe8000000 ---p 00000000 00:00 0 
7fcfe8000000-7fcfe8021000 rw-p 00000000 00:00 0 
7fcfe8021000-7fcfec000000 ---p 00000000 00:00 0 
7fcfec000000-7fcfec960000 rw-p 00000000 00:00 0 
7fcfec960000-7fcff0000000 ---p 00000000 00:00 0 
7fcff0000000-7fcff07a3000 rw-p 00000000 00:00 0 
7fcff07a3000-7fcff4000000 ---p 00000000 00:00 0 
7fcff4000000-7fcff4021000 rw-p 00000000 00:00 0 
7fcff4021000-7fcff8000000 ---p 00000000 00:00 0 
7fcff8000000-7fcff85e6000 rw-p 00000000 00:00 0 
7fcff85e6000-7fcffc000000 ---p 00000000 00:00 0 
7fcffc000000-7fcffcbff000 rw-p 00000000 00:00 0 
7fcffcbff000-7fd000000000 ---p 00000000 00:00 0 
7fd000000000-7fd000021000 rw-p 00000000 00:00 0 
7fd000021000-7fd004000000 ---p 00000000 00:00 0 
7fd004000000-7fd004656000 rw-p 00000000 00:00 0 
7fd004656000-7fd008000000 ---p 00000000 00:00 0 
7fd008000000-7fd008021000 rw-p 00000000 00:00 0 
7fd008021000-7fd00c000000 ---p 00000000 00:00 0 
7fd00c000000-7fd00c021000 rw-p 00000000 00:00 0 
7fd00c021000-7fd010000000 ---p 00000000 00:00 0 
7fd010000000-7fd010021000 rw-p 00000000 00:00 0 
7fd010021000-7fd014000000 ---p 00000000 00:00 0 
7fd014000000-7fd014021000 rw-p 00000000 00:00 0 
7fd014021000-7fd018000000 ---p 00000000 00:00 0 
7fd018000000-7fd018021000 rw-p 00000000 00:00 0 
7fd018021000-7fd01c000000 ---p 00000000 00:00 0 
7fd01c01f000-7fd01c022000 ---p 00000000 00:00 0 
7fd01c022000-7fd01c320000 rw-p 00000000 00:00 0                          [stack:2941]
7fd01c320000-7fd01c323000 ---p 00000000 00:00 0 
7fd01c323000-7fd01c621000 rw-p 00000000 00:00 0                          [stack:2939]
7fd01c621000-7fd01c721000 rw-s 3e061000 00:06 17998                      /dev/nvidiactl
7fd01c721000-7fd01c921000 rw-s 687cd000 00:06 17998                      /dev/nvidiactl
7fd01c921000-7fd01cb21000 rw-s 555e6000 00:06 17998                      /dev/nvidiactl
7fd01cb21000-7fd01d322000 rw-p 00000000 00:00 0 
7fd01d322000-7fd01ed1e000 r-xp 00000000 08:06 2372709                    /usr/lib/nvidia-346/libnvidia-glcore.so.346.96
7fd01ed1e000-7fd01ed3e000 rwxp 019fc000 08:06 2372709                    /usr/lib/nvidia-346/libnvidia-glcore.so.346.96
7fd01ed3e000-7fd01f1d5000 r-xp 01a1c000 08:06 2372709                    /usr/lib/nvidia-346/libnvidia-glcore.so.346.96
7fd01f1d5000-7fd01f3d5000 ---p 01eb3000 08:06 2372709                    /usr/lib/nvidia-346/libnvidia-glcore.so.346.96
7fd01f3d5000-7fd01ffe1000 rw-p 01eb3000 08:06 2372709                    /usr/lib/nvidia-346/libnvidia-glcore.so.346.96
7fd01ffe1000-7fd020000000 rw-p 00000000 00:00 0 
7fd020000000-7fd020021000 rw-p 00000000 00:00 0 
7fd020021000-7fd024000000 ---p 00000000 00:00 0 
7fd024035000-7fd0240b5000 rw-s 00000000 00:05 2031631                    /SYSV00000000 (deleted)
7fd0240b5000-7fd0240bb000 r--p 00000000 08:06 2637213                    /usr/share/locale-langpack/pt/LC_MESSAGES/gdk-pixbuf.mo
7fd0240bb000-7fd0240c1000 r--p 00000000 08:06 2637031                    /usr/share/locale-langpack/pt_BR/LC_MESSAGES/gdk-pixbuf.mo
7fd0240c1000-7fd0240c3000 rw-p 00000000 00:00 0 
7fd0240c3000-7fd0240d5000 r--s 00345000 08:06 2640814                    /usr/local/java/jre1.8.0_65/lib/resources.jar
7fd0240d5000-7fd02418b000 r--p 00000000 08:06 3016099                    /usr/share/fonts/truetype/dejavu/DejaVuSans.ttf
7fd02418b000-7fd02438b000 rw-p 00000000 00:00 0 
7fd02438b000-7fd02438e000 ---p 00000000 00:00 0 
7fd02438e000-7fd02448c000 rw-p 00000000 00:00 0                          [stack:2910]
7fd02448c000-7fd024536000 r--p 00000000 08:06 3016098                    /usr/share/fonts/truetype/dejavu/DejaVuSans-Bold.ttf
7fd024536000-7fd02453b000 r--s 00096000 08:06 2640806                    /usr/local/java/jre1.8.0_65/lib/jsse.jar
7fd02453b000-7fd024540000 r--s 00083000 08:06 2640804                    /usr/local/java/jre1.8.0_65/lib/jfr.jar
7fd024540000-7fd024576000 r-xp 00000000 08:06 2893479                    /usr/local/java/jre1.8.0_65/lib/amd64/libjavafx_iio.so
7fd024576000-7fd024775000 ---p 00036000 08:06 2893479                    /usr/local/java/jre1.8.0_65/lib/amd64/libjavafx_iio.so
7fd024775000-7fd024776000 rw-p 00035000 08:06 2893479                    /usr/local/java/jre1.8.0_65/lib/amd64/libjavafx_iio.so
7fd024776000-7fd024976000 rw-p 00000000 00:00 0 
7fd024976000-7fd0249c4000 r--p 00000000 08:06 2893497                    /usr/local/java/jre1.8.0_65/lib/fonts/LucidaSansDemiBold.ttf
7fd0249c4000-7fd0249d8000 r--p 00000000 08:06 2893482                    /usr/local/java/jre1.8.0_65/lib/fonts/LucidaBrightItalic.ttf
7fd0249d8000-7fd024a14000 r--p 00000000 08:06 2893481                    /usr/local/java/jre1.8.0_65/lib/fonts/LucidaTypewriterRegular.ttf
7fd024a14000-7fd024a27000 r--p 00000000 08:06 2893495                    /usr/local/java/jre1.8.0_65/lib/fonts/LucidaBrightDemiItalic.ttf
7fd024a27000-7fd024a7c000 r--p 00000000 08:06 2893483                    /usr/local/java/jre1.8.0_65/lib/fonts/LucidaBrightRegular.ttf
7fd024a7c000-7fd024a8f000 r--p 00000000 08:06 2893496                    /usr/local/java/jre1.8.0_65/lib/fonts/LucidaBrightDemiBold.ttf
7fd024a8f000-7fd024ac9000 r--p 00000000 08:06 2893493                    /usr/local/java/jre1.8.0_65/lib/fonts/LucidaTypewriterBold.ttf
7fd024ac9000-7fd024b74000 r--p 00000000 08:06 2893494                    /usr/local/java/jre1.8.0_65/lib/fonts/LucidaSansRegular.ttf
7fd024b74000-7fd024b78000 r-xp 00000000 08:06 2893474                    /usr/local/java/jre1.8.0_65/lib/amd64/libjavafx_font_pango.so
7fd024b78000-7fd024d77000 ---p 00004000 08:06 2893474                    /usr/local/java/jre1.8.0_65/lib/amd64/libjavafx_font_pango.so
7fd024d77000-7fd024d78000 rw-p 00003000 08:06 2893474                    /usr/local/java/jre1.8.0_65/lib/amd64/libjavafx_font_pango.so
7fd024d78000-7fd024d79000 r--s 00000000 08:06 544240                     /var/cache/fontconfig/c05880de57d1f5e948fdfacc138775d9-le64.cache-4
7fd024d79000-7fd024d84000 r--s 00000000 08:06 524385                     /var/cache/fontconfig/945677eb7aeaf62f1d50efc3fb3ec7d8-le64.cache-4
7fd024d84000-7fd024d86000 r--s 00000000 08:06 533898                     /var/cache/fontconfig/99e8ed0e538f840c565b6ed5dad60d56-le64.cache-4
7fd024d86000-7fd024d8f000 r--s 00000000 08:06 533897                     /var/cache/fontconfig/a6d8cf8e4ec09cdbc8633c31745a07dd-le64.cache-4
7fd024d8f000-7fd024d95000 r--s 00000000 08:06 524367                     /var/cache/fontconfig/2cd17615ca594fa2959ae173292e504c-le64.cache-4
7fd024d95000-7fd024d96000 r--s 00000000 08:06 524402                     /var/cache/fontconfig/e7071f4a29fa870f4323321c154eba04-le64.cache-4
7fd024d96000-7fd024d97000 r--s 00000000 08:06 524363                     /var/cache/fontconfig/0d8c3b2ac0904cb8a57a757ad11a4a08-le64.cache-4
7fd024d97000-7fd024d9e000 r--s 00000000 08:06 524388                     /var/cache/fontconfig/a755afe4a08bf5b97852ceb7400b47bc-le64.cache-4
7fd024d9e000-7fd024da2000 r--s 00000000 08:06 543281                     /var/cache/fontconfig/6d41288fd70b0be22e8c3a91e032eec0-le64.cache-4
7fd024da2000-7fd024db6000 r--s 00000000 08:06 524357                     /var/cache/fontconfig/04aabc0a78ac019cf9454389977116d2-le64.cache-4
7fd024db6000-7fd024db7000 r--s 00000000 08:06 524366                     /var/cache/fontconfig/1ac9eb803944fde146138c791f5cc56a-le64.cache-4
7fd024db7000-7fd024dbb000 r--s 00000000 08:06 524370                     /var/cache/fontconfig/385c0604a188198f04d133e54aba7fe7-le64.cache-4
7fd024dbb000-7fd024dbc000 r--s 00000000 08:06 524399                     /var/cache/fontconfig/dc05db6664285cc2f12bf69c139ae4c3-le64.cache-4
7fd024dbc000-7fd024dc0000 r--s 00000000 08:06 524382                     /var/cache/fontconfig/7b79abe4499501fcd4e4826394083a53-le64.cache-4
7fd024dc0000-7fd024dc3000 r--s 00000000 08:06 524371                     /var/cache/fontconfig/3a9914ff62a69b32234685a84fdc926d-le64.cache-4
7fd024dc3000-7fd024dc5000 r--s 00000000 08:06 524381                     /var/cache/fontconfig/767a8244fc0220cfb567a839d0392e0b-le64.cache-4
7fd024dc5000-7fd024dc6000 r--s 00000000 08:06 524361                     /var/cache/fontconfig/0b41ebd278d9388cf5d83f81d476c672-le64.cache-4
7fd024dc6000-7fd024dc7000 r--s 00000000 08:06 536257                     /var/cache/fontconfig/4794a0821666d79190d59a36cb4f44b5-le64.cache-4
7fd024dc7000-7fd024dcb000 r--s 00000000 08:06 524404                     /var/cache/fontconfig/ea32c683f96734b73b6a7acf745d6442-le64.cache-4
7fd024dcb000-7fd024dd0000 r--s 00000000 08:06 524384                     /var/cache/fontconfig/8801497958630a81b71ace7c5f9b32a8-le64.cache-4
7fd024dd0000-7fd024dd4000 r--s 00000000 08:06 548702                     /var/cache/fontconfig/c57959a16110560c8d0fcea73374aeeb-le64.cache-4
7fd024dd4000-7fd024dd5000 r--s 00000000 08:06 524389                     /var/cache/fontconfig/b036df7bbb72844893df6bcf5570ea7f-le64.cache-4
7fd024dd5000-7fd024dd6000 r--s 00000000 08:06 524376                     /var/cache/fontconfig/575107dd7452b4b2b2b1361909925bb4-le64.cache-4
7fd024dd6000-7fd024ddd000 r--s 00000000 08:06 524368                     /var/cache/fontconfig/3047814df9a2f067bd2d96a2b9c36e5a-le64.cache-4
7fd024ddd000-7fd024dde000 r--s 00000000 08:06 524374                     /var/cache/fontconfig/56cf4f4769d0f4abc89a4895d7bd3ae1-le64.cache-4
7fd024dde000-7fd024de0000 r--s 00000000 08:06 524364                     /var/cache/fontconfig/12888573d3e05bfbe41d0040af4efeaa-le64.cache-4
7fd024de0000-7fd024de1000 r--s 00000000 08:06 524392                     /var/cache/fontconfig/b9d506c9ac06c20b433354fa67a72993-le64.cache-4
7fd024de1000-7fd024de7000 r--s 00000000 08:06 524391                     /var/cache/fontconfig/b47c4e1ecd0709278f4910c18777a504-le64.cache-4
7fd024de7000-7fd024df0000 r--s 00000000 08:06 533890                     /var/cache/fontconfig/52f7bdb7ce746bfd7eaa1985bd9cfa93-le64.cache-4
7fd024df0000-7fd024df3000 r--s 00000000 08:06 544014                     /var/cache/fontconfig/e49e89034d371f0f9de17aab02136486-le64.cache-4
7fd024df3000-7fd024e06000 r--s 00000000 08:06 524396                     /var/cache/fontconfig/d52a8644073d54c13679302ca1180695-le64.cache-4
7fd024e06000-7fd024e0f000 r--s 00000000 08:06 524372                     /var/cache/fontconfig/3f7329c5293ffd510edef78f73874cfd-le64.cache-4
7fd024e0f000-7fd024e1a000 r--s 00000000 08:06 542133                     /var/cache/fontconfig/d589a48862398ed80a3d6066f4f56f4c-le64.cache-4
7fd024e1a000-7fd024e1f000 r-xp 00000000 08:06 2893371                    /usr/local/java/jre1.8.0_65/lib/amd64/libjavafx_font_freetype.so
7fd024e1f000-7fd02501e000 ---p 00005000 08:06 2893371                    /usr/local/java/jre1.8.0_65/lib/amd64/libjavafx_font_freetype.so
7fd02501e000-7fd02501f000 rw-p 00004000 08:06 2893371                    /usr/local/java/jre1.8.0_65/lib/amd64/libjavafx_font_freetype.so
7fd02501f000-7fd025022000 r-xp 00000000 08:06 2893380                    /usr/local/java/jre1.8.0_65/lib/amd64/libjavafx_font.so
7fd025022000-7fd025221000 ---p 00003000 08:06 2893380                    /usr/local/java/jre1.8.0_65/lib/amd64/libjavafx_font.so
7fd025221000-7fd025222000 rw-p 00002000 08:06 2893380                    /usr/local/java/jre1.8.0_65/lib/amd64/libjavafx_font.so
7fd025222000-7fd025422000 rw-p 00000000 00:00 0 
7fd025422000-7fd025425000 ---p 00000000 00:00 0 
7fd025425000-7fd025523000 rw-p 00000000 00:00 0                          [stack:2905]
7fd025523000-7fd025526000 ---p 00000000 00:00 0 
7fd025526000-7fd025624000 rw-p 00000000 00:00 0                          [stack:2904]
7fd025624000-7fd025627000 ---p 00000000 00:00 0 
7fd025627000-7fd025725000 rw-p 00000000 00:00 0                          [stack:2903]
7fd025725000-7fd025754000 r-xp 00000000 08:06 2496059                    /usr/lib/x86_64-linux-gnu/gtk-2.0/2.10.0/engines/libmurrine.so
7fd025754000-7fd025954000 ---p 0002f000 08:06 2496059                    /usr/lib/x86_64-linux-gnu/gtk-2.0/2.10.0/engines/libmurrine.so
7fd025954000-7fd025955000 r--p 0002f000 08:06 2496059                    /usr/lib/x86_64-linux-gnu/gtk-2.0/2.10.0/engines/libmurrine.so
7fd025955000-7fd025956000 rw-p 00030000 08:06 2496059                    /usr/lib/x86_64-linux-gnu/gtk-2.0/2.10.0/engines/libmurrine.so
7fd025956000-7fd02597f000 r--p 00000000 08:06 2637231                    /usr/share/locale-langpack/pt/LC_MESSAGES/gtk20-properties.mo
7fd02597f000-7fd0259a8000 r--p 00000000 08:06 2637047                    /usr/share/locale-langpack/pt_BR/LC_MESSAGES/gtk20-properties.mo
7fd0259a8000-7fd0259c2000 r--p 00000000 08:06 2637743                    /usr/share/locale-langpack/pt/LC_MESSAGES/libc.mo
7fd0259c2000-7fd0259eb000 r-xp 00000000 08:06 2893385                    /usr/local/java/jre1.8.0_65/lib/amd64/libglass.so
7fd0259eb000-7fd025bea000 ---p 00029000 08:06 2893385                    /usr/local/java/jre1.8.0_65/lib/amd64/libglass.so
7fd025bea000-7fd025bed000 rw-p 00028000 08:06 2893385                    /usr/local/java/jre1.8.0_65/lib/amd64/libglass.so
7fd025bed000-7fd025c6d000 rw-s 14991e000 00:06 17998                     /dev/nvidiactl
7fd025c6d000-7fd025ced000 rw-s 1291f9000 00:06 17998                     /dev/nvidiactl
7fd025ced000-7fd025ded000 rw-s 12902b000 00:06 17998                     /dev/nvidiactl
7fd025ded000-7fd025df3000 r-xp 00000000 08:06 2368248                    /usr/lib/x86_64-linux-gnu/libdatrie.so.1.3.1
7fd025df3000-7fd025ff2000 ---p 00006000 08:06 2368248                    /usr/lib/x86_64-linux-gnu/libdatrie.so.1.3.1
7fd025ff2000-7fd025ff3000 r--p 00005000 08:06 2368248                    /usr/lib/x86_64-linux-gnu/libdatrie.so.1.3.1
7fd025ff3000-7fd025ff4000 rw-p 00006000 08:06 2368248                    /usr/lib/x86_64-linux-gnu/libdatrie.so.1.3.1
7fd025ff4000-7fd025ff9000 r-xp 00000000 08:06 2368068                    /usr/lib/x86_64-linux-gnu/libXdmcp.so.6.0.0
7fd025ff9000-7fd0261f8000 ---p 00005000 08:06 2368068                    /usr/lib/x86_64-linux-gnu/libXdmcp.so.6.0.0
7fd0261f8000-7fd0261f9000 r--p 00004000 08:06 2368068                    /usr/lib/x86_64-linux-gnu/libXdmcp.so.6.0.0
7fd0261f9000-7fd0261fa000 rw-p 00005000 08:06 2368068                    /usr/lib/x86_64-linux-gnu/libXdmcp.so.6.0.0
7fd0261fa000-7fd0261fc000 r-xp 00000000 08:06 2368057                    /usr/lib/x86_64-linux-gnu/libXau.so.6.0.0
7fd0261fc000-7fd0263fc000 ---p 00002000 08:06 2368057                    /usr/lib/x86_64-linux-gnu/libXau.so.6.0.0
7fd0263fc000-7fd0263fd000 r--p 00002000 08:06 2368057                    /usr/lib/x86_64-linux-gnu/libXau.so.6.0.0
7fd0263fd000-7fd0263fe000 rw-p 00003000 08:06 2368057                    /usr/lib/x86_64-linux-gnu/libXau.so.6.0.0
7fd0263fe000-7fd026418000 r-xp 00000000 08:06 2368444                    /usr/lib/x86_64-linux-gnu/libgraphite2.so.3.0.1
7fd026418000-7fd026617000 ---p 0001a000 08:06 2368444                    /usr/lib/x86_64-linux-gnu/libgraphite2.so.3.0.1
7fd026617000-7fd026619000 r--p 00019000 08:06 2368444                    /usr/lib/x86_64-linux-gnu/libgraphite2.so.3.0.1
7fd026619000-7fd02661a000 rw-p 0001b000 08:06 2368444                    /usr/lib/x86_64-linux-gnu/libgraphite2.so.3.0.1
7fd02661a000-7fd02661d000 r-xp 00000000 08:06 2372707                    /usr/lib/nvidia-346/tls/libnvidia-tls.so.346.96
7fd02661d000-7fd02681c000 ---p 00003000 08:06 2372707                    /usr/lib/nvidia-346/tls/libnvidia-tls.so.346.96
7fd02681c000-7fd02681d000 rw-p 00002000 08:06 2372707                    /usr/lib/nvidia-346/tls/libnvidia-tls.so.346.96
7fd02681d000-7fd02685a000 r-xp 00000000 08:06 659885                     /lib/x86_64-linux-gnu/libpcre.so.3.13.1
7fd02685a000-7fd026a59000 ---p 0003d000 08:06 659885                     /lib/x86_64-linux-gnu/libpcre.so.3.13.1
7fd026a59000-7fd026a5a000 r--p 0003c000 08:06 659885                     /lib/x86_64-linux-gnu/libpcre.so.3.13.1
7fd026a5a000-7fd026a5b000 rw-p 0003d000 08:06 659885                     /lib/x86_64-linux-gnu/libpcre.so.3.13.1
7fd026a5b000-7fd026a62000 r-xp 00000000 08:06 2368313                    /usr/lib/x86_64-linux-gnu/libffi.so.6.0.1
7fd026a62000-7fd026c61000 ---p 00007000 08:06 2368313                    /usr/lib/x86_64-linux-gnu/libffi.so.6.0.1
7fd026c61000-7fd026c62000 r--p 00006000 08:06 2368313                    /usr/lib/x86_64-linux-gnu/libffi.so.6.0.1
7fd026c62000-7fd026c63000 rw-p 00007000 08:06 2368313                    /usr/lib/x86_64-linux-gnu/libffi.so.6.0.1
7fd026c63000-7fd026c8a000 r-xp 00000000 08:06 659804                     /lib/x86_64-linux-gnu/libexpat.so.1.6.0
7fd026c8a000-7fd026e8a000 ---p 00027000 08:06 659804                     /lib/x86_64-linux-gnu/libexpat.so.1.6.0
7fd026e8a000-7fd026e8c000 r--p 00027000 08:06 659804                     /lib/x86_64-linux-gnu/libexpat.so.1.6.0
7fd026e8c000-7fd026e8d000 rw-p 00029000 08:06 659804                     /lib/x86_64-linux-gnu/libexpat.so.1.6.0
7fd026e8d000-7fd026e95000 r-xp 00000000 08:06 2368935                    /usr/lib/x86_64-linux-gnu/libthai.so.0.2.0
7fd026e95000-7fd027094000 ---p 00008000 08:06 2368935                    /usr/lib/x86_64-linux-gnu/libthai.so.0.2.0
7fd027094000-7fd027095000 r--p 00007000 08:06 2368935                    /usr/lib/x86_64-linux-gnu/libthai.so.0.2.0
7fd027095000-7fd027096000 rw-p 00008000 08:06 2368935                    /usr/lib/x86_64-linux-gnu/libthai.so.0.2.0
7fd027096000-7fd0270b3000 r-xp 00000000 08:06 2369049                    /usr/lib/x86_64-linux-gnu/libxcb.so.1.1.0
7fd0270b3000-7fd0272b3000 ---p 0001d000 08:06 2369049                    /usr/lib/x86_64-linux-gnu/libxcb.so.1.1.0
7fd0272b3000-7fd0272b4000 r--p 0001d000 08:06 2369049                    /usr/lib/x86_64-linux-gnu/libxcb.so.1.1.0
7fd0272b4000-7fd0272b5000 rw-p 0001e000 08:06 2369049                    /usr/lib/x86_64-linux-gnu/libxcb.so.1.1.0
7fd0272b5000-7fd0272bd000 r-xp 00000000 08:06 2369037                    /usr/lib/x86_64-linux-gnu/libxcb-render.so.0.0.0
7fd0272bd000-7fd0274bc000 ---p 00008000 08:06 2369037                    /usr/lib/x86_64-linux-gnu/libxcb-render.so.0.0.0
7fd0274bc000-7fd0274bd000 r--p 00007000 08:06 2369037                    /usr/lib/x86_64-linux-gnu/libxcb-render.so.0.0.0
7fd0274bd000-7fd0274be000 rw-p 00008000 08:06 2369037                    /usr/lib/x86_64-linux-gnu/libxcb-render.so.0.0.0
7fd0274be000-7fd0274c0000 r-xp 00000000 08:06 2369041                    /usr/lib/x86_64-linux-gnu/libxcb-shm.so.0.0.0
7fd0274c0000-7fd0276bf000 ---p 00002000 08:06 2369041                    /usr/lib/x86_64-linux-gnu/libxcb-shm.so.0.0.0
7fd0276bf000-7fd0276c0000 r--p 00001000 08:06 2369041                    /usr/lib/x86_64-linux-gnu/libxcb-shm.so.0.0.0
7fd0276c0000-7fd0276c1000 rw-p 00002000 08:06 2369041                    /usr/lib/x86_64-linux-gnu/libxcb-shm.so.0.0.0
7fd0276c1000-7fd0276e6000 r-xp 00000000 08:06 659897                     /lib/x86_64-linux-gnu/libpng12.so.0.50.0
7fd0276e6000-7fd0278e5000 ---p 00025000 08:06 659897                     /lib/x86_64-linux-gnu/libpng12.so.0.50.0
7fd0278e5000-7fd0278e6000 r--p 00024000 08:06 659897                     /lib/x86_64-linux-gnu/libpng12.so.0.50.0
7fd0278e6000-7fd0278e7000 rw-p 00025000 08:06 659897                     /lib/x86_64-linux-gnu/libpng12.so.0.50.0
7fd0278e7000-7fd027988000 r-xp 00000000 08:06 2368771                    /usr/lib/x86_64-linux-gnu/libpixman-1.so.0.30.2
7fd027988000-7fd027b88000 ---p 000a1000 08:06 2368771                    /usr/lib/x86_64-linux-gnu/libpixman-1.so.0.30.2
7fd027b88000-7fd027b8f000 r--p 000a1000 08:06 2368771                    /usr/lib/x86_64-linux-gnu/libpixman-1.so.0.30.2
7fd027b8f000-7fd027b90000 rw-p 000a8000 08:06 2368771                    /usr/lib/x86_64-linux-gnu/libpixman-1.so.0.30.2
7fd027b90000-7fd027be3000 r-xp 00000000 08:06 2368548                    /usr/lib/x86_64-linux-gnu/libharfbuzz.so.0.927.0
7fd027be3000-7fd027de3000 ---p 00053000 08:06 2368548                    /usr/lib/x86_64-linux-gnu/libharfbuzz.so.0.927.0
7fd027de3000-7fd027de4000 r--p 00053000 08:06 2368548                    /usr/lib/x86_64-linux-gnu/libharfbuzz.so.0.927.0
7fd027de4000-7fd027de5000 rw-p 00054000 08:06 2368548                    /usr/lib/x86_64-linux-gnu/libharfbuzz.so.0.927.0
7fd027de5000-7fd027dfc000 r-xp 00000000 08:06 659908                     /lib/x86_64-linux-gnu/libresolv-2.19.so
7fd027dfc000-7fd027ffc000 ---p 00017000 08:06 659908                     /lib/x86_64-linux-gnu/libresolv-2.19.so
7fd027ffc000-7fd027ffd000 r--p 00017000 08:06 659908                     /lib/x86_64-linux-gnu/libresolv-2.19.so
7fd027ffd000-7fd027ffe000 rw-p 00018000 08:06 659908                     /lib/x86_64-linux-gnu/libresolv-2.19.so
7fd027ffe000-7fd028000000 rw-p 00000000 00:00 0 
7fd028000000-7fd028021000 rw-p 00000000 00:00 0 
7fd028021000-7fd02c000000 ---p 00000000 00:00 0 
7fd02c000000-7fd02c002000 r--s 00000000 08:06 544013                     /var/cache/fontconfig/4b14b093aebc79c320de5e86ae1d3314-le64.cache-4
7fd02c002000-7fd02c007000 r--s 00000000 08:06 524390                     /var/cache/fontconfig/b25010134a2e462c779c1c1d5ccbff7b-le64.cache-4
7fd02c007000-7fd02c014000 r--s 00000000 08:06 548172                     /var/cache/fontconfig/e13b20fdb08344e0e664864cc2ede53d-le64.cache-4
7fd02c014000-7fd02c036000 r--p 00000000 08:06 2637490                    /usr/share/locale-langpack/pt_BR/LC_MESSAGES/libc.mo
7fd02c036000-7fd02c045000 r--p 00000000 08:06 2637070                    /usr/share/locale-langpack/pt_BR/LC_MESSAGES/gtk20.mo
7fd02c045000-7fd02c0c5000 rw-s 129175000 00:06 17998                     /dev/nvidiactl
7fd02c0c5000-7fd02c0e5000 rw-s a00e0000 00:06 18001                      /dev/nvidia0
7fd02c0e5000-7fd02c125000 rw-s 12b7c3000 00:06 17998                     /dev/nvidiactl
7fd02c125000-7fd02c145000 rw-s 149948000 00:06 17998                     /dev/nvidiactl
7fd02c145000-7fd02c1f9000 rw-s 14e7a8000 00:06 17998                     /dev/nvidiactl
7fd02c1f9000-7fd02c219000 r-xp 00000000 08:06 659912                     /lib/x86_64-linux-gnu/libselinux.so.1
7fd02c219000-7fd02c418000 ---p 00020000 08:06 659912                     /lib/x86_64-linux-gnu/libselinux.so.1
7fd02c418000-7fd02c419000 r--p 0001f000 08:06 659912                     /lib/x86_64-linux-gnu/libselinux.so.1
7fd02c419000-7fd02c41a000 rw-p 00020000 08:06 659912                     /lib/x86_64-linux-gnu/libselinux.so.1
7fd02c41a000-7fd02c41c000 rw-p 00000000 00:00 0 
7fd02c41c000-7fd02c434000 r-xp 00000000 08:06 659944                     /lib/x86_64-linux-gnu/libz.so.1.2.8
7fd02c434000-7fd02c633000 ---p 00018000 08:06 659944                     /lib/x86_64-linux-gnu/libz.so.1.2.8
7fd02c633000-7fd02c634000 r--p 00017000 08:06 659944                     /lib/x86_64-linux-gnu/libz.so.1.2.8
7fd02c634000-7fd02c635000 rw-p 00018000 08:06 659944                     /lib/x86_64-linux-gnu/libz.so.1.2.8
7fd02c635000-7fd02c646000 r-xp 00000000 08:06 2368070                    /usr/lib/x86_64-linux-gnu/libXext.so.6.4.0
7fd02c646000-7fd02c845000 ---p 00011000 08:06 2368070                    /usr/lib/x86_64-linux-gnu/libXext.so.6.4.0
7fd02c845000-7fd02c846000 r--p 00010000 08:06 2368070                    /usr/lib/x86_64-linux-gnu/libXext.so.6.4.0
7fd02c846000-7fd02c847000 rw-p 00011000 08:06 2368070                    /usr/lib/x86_64-linux-gnu/libXext.so.6.4.0
7fd02c847000-7fd02c849000 r-xp 00000000 08:06 2368066                    /usr/lib/x86_64-linux-gnu/libXdamage.so.1.1.0
7fd02c849000-7fd02ca48000 ---p 00002000 08:06 2368066                    /usr/lib/x86_64-linux-gnu/libXdamage.so.1.1.0
7fd02ca48000-7fd02ca49000 r--p 00001000 08:06 2368066                    /usr/lib/x86_64-linux-gnu/libXdamage.so.1.1.0
7fd02ca49000-7fd02ca4a000 rw-p 00002000 08:06 2368066                    /usr/lib/x86_64-linux-gnu/libXdamage.so.1.1.0
7fd02ca4a000-7fd02ca4c000 r-xp 00000000 08:06 2368062                    /usr/lib/x86_64-linux-gnu/libXcomposite.so.1.0.0
7fd02ca4c000-7fd02cc4b000 ---p 00002000 08:06 2368062                    /usr/lib/x86_64-linux-gnu/libXcomposite.so.1.0.0
7fd02cc4b000-7fd02cc4c000 r--p 00001000 08:06 2368062                    /usr/lib/x86_64-linux-gnu/libXcomposite.so.1.0.0
7fd02cc4c000-7fd02cc4d000 rw-p 00002000 08:06 2368062                    /usr/lib/x86_64-linux-gnu/libXcomposite.so.1.0.0
7fd02cc4d000-7fd02cc56000 r-xp 00000000 08:06 2368064                    /usr/lib/x86_64-linux-gnu/libXcursor.so.1.0.2
7fd02cc56000-7fd02ce55000 ---p 00009000 08:06 2368064                    /usr/lib/x86_64-linux-gnu/libXcursor.so.1.0.2
7fd02ce55000-7fd02ce56000 r--p 00008000 08:06 2368064                    /usr/lib/x86_64-linux-gnu/libXcursor.so.1.0.2
7fd02ce56000-7fd02ce57000 rw-p 00009000 08:06 2368064                    /usr/lib/x86_64-linux-gnu/libXcursor.so.1.0.2
7fd02ce57000-7fd02ce60000 r-xp 00000000 08:06 2368088                    /usr/lib/x86_64-linux-gnu/libXrandr.so.2.2.0
7fd02ce60000-7fd02d05f000 ---p 00009000 08:06 2368088                    /usr/lib/x86_64-linux-gnu/libXrandr.so.2.2.0
7fd02d05f000-7fd02d060000 r--p 00008000 08:06 2368088                    /usr/lib/x86_64-linux-gnu/libXrandr.so.2.2.0
7fd02d060000-7fd02d061000 rw-p 00009000 08:06 2368088                    /usr/lib/x86_64-linux-gnu/libXrandr.so.2.2.0
7fd02d061000-7fd02d070000 r-xp 00000000 08:06 2368078                    /usr/lib/x86_64-linux-gnu/libXi.so.6.1.0
7fd02d070000-7fd02d26f000 ---p 0000f000 08:06 2368078                    /usr/lib/x86_64-linux-gnu/libXi.so.6.1.0
7fd02d26f000-7fd02d270000 r--p 0000e000 08:06 2368078                    /usr/lib/x86_64-linux-gnu/libXi.so.6.1.0
7fd02d270000-7fd02d271000 rw-p 0000f000 08:06 2368078                    /usr/lib/x86_64-linux-gnu/libXi.so.6.1.0
7fd02d271000-7fd02d273000 r-xp 00000000 08:06 2368080                    /usr/lib/x86_64-linux-gnu/libXinerama.so.1.0.0
7fd02d273000-7fd02d472000 ---p 00002000 08:06 2368080                    /usr/lib/x86_64-linux-gnu/libXinerama.so.1.0.0
7fd02d472000-7fd02d473000 r--p 00001000 08:06 2368080                    /usr/lib/x86_64-linux-gnu/libXinerama.so.1.0.0
7fd02d473000-7fd02d474000 rw-p 00002000 08:06 2368080                    /usr/lib/x86_64-linux-gnu/libXinerama.so.1.0.0
7fd02d474000-7fd02d47d000 r-xp 00000000 08:06 2368090                    /usr/lib/x86_64-linux-gnu/libXrender.so.1.3.0
7fd02d47d000-7fd02d67c000 ---p 00009000 08:06 2368090                    /usr/lib/x86_64-linux-gnu/libXrender.so.1.3.0
7fd02d67c000-7fd02d67d000 r--p 00008000 08:06 2368090                    /usr/lib/x86_64-linux-gnu/libXrender.so.1.3.0
7fd02d67d000-7fd02d67e000 rw-p 00009000 08:06 2368090                    /usr/lib/x86_64-linux-gnu/libXrender.so.1.3.0
7fd02d67e000-7fd02d683000 r-xp 00000000 08:06 2368072                    /usr/lib/x86_64-linux-gnu/libXfixes.so.3.1.0
7fd02d683000-7fd02d882000 ---p 00005000 08:06 2368072                    /usr/lib/x86_64-linux-gnu/libXfixes.so.3.1.0
7fd02d882000-7fd02d883000 r--p 00004000 08:06 2368072                    /usr/lib/x86_64-linux-gnu/libXfixes.so.3.1.0
7fd02d883000-7fd02d884000 rw-p 00005000 08:06 2368072                    /usr/lib/x86_64-linux-gnu/libXfixes.so.3.1.0
7fd02d884000-7fd02d89a000 r-xp 00000000 08:06 659809                     /lib/x86_64-linux-gnu/libgcc_s.so.1
7fd02d89a000-7fd02da99000 ---p 00016000 08:06 659809                     /lib/x86_64-linux-gnu/libgcc_s.so.1
7fd02da99000-7fd02da9a000 rw-p 00015000 08:06 659809                     /lib/x86_64-linux-gnu/libgcc_s.so.1
7fd02da9a000-7fd02db80000 r-xp 00000000 08:06 2368911                    /usr/lib/x86_64-linux-gnu/libstdc++.so.6.0.19
7fd02db80000-7fd02dd7f000 ---p 000e6000 08:06 2368911                    /usr/lib/x86_64-linux-gnu/libstdc++.so.6.0.19
7fd02dd7f000-7fd02dd87000 r--p 000e5000 08:06 2368911                    /usr/lib/x86_64-linux-gnu/libstdc++.so.6.0.19
7fd02dd87000-7fd02dd89000 rw-p 000ed000 08:06 2368911                    /usr/lib/x86_64-linux-gnu/libstdc++.so.6.0.19
7fd02dd89000-7fd02dd9e000 rw-p 00000000 00:00 0 
7fd02dd9e000-7fd02de6a000 r-xp 00000000 08:06 2372687                    /usr/lib/nvidia-346/libGL.so.346.96
7fd02de6a000-7fd02de9c000 rwxp 000cc000 08:06 2372687                    /usr/lib/nvidia-346/libGL.so.346.96
7fd02de9c000-7fd02deb9000 r-xp 000fe000 08:06 2372687                    /usr/lib/nvidia-346/libGL.so.346.96
7fd02deb9000-7fd02e0b9000 ---p 0011b000 08:06 2372687                    /usr/lib/nvidia-346/libGL.so.346.96
7fd02e0b9000-7fd02e0e0000 rw-p 0011b000 08:06 2372687                    /usr/lib/nvidia-346/libGL.so.346.96
7fd02e0e0000-7fd02e0f6000 rw-p 00000000 00:00 0 
7fd02e0f6000-7fd02e0fa000 r-xp 00000000 08:06 2368106                    /usr/lib/x86_64-linux-gnu/libXxf86vm.so.1.0.0
7fd02e0fa000-7fd02e2fa000 ---p 00004000 08:06 2368106                    /usr/lib/x86_64-linux-gnu/libXxf86vm.so.1.0.0
7fd02e2fa000-7fd02e2fb000 r--p 00004000 08:06 2368106                    /usr/lib/x86_64-linux-gnu/libXxf86vm.so.1.0.0
7fd02e2fb000-7fd02e2fc000 rw-p 00005000 08:06 2368106                    /usr/lib/x86_64-linux-gnu/libXxf86vm.so.1.0.0
7fd02e2fc000-7fd02e42c000 r-xp 00000000 08:06 2368053                    /usr/lib/x86_64-linux-gnu/libX11.so.6.3.0
7fd02e42c000-7fd02e62c000 ---p 00130000 08:06 2368053                    /usr/lib/x86_64-linux-gnu/libX11.so.6.3.0
7fd02e62c000-7fd02e62d000 r--p 00130000 08:06 2368053                    /usr/lib/x86_64-linux-gnu/libX11.so.6.3.0
7fd02e62d000-7fd02e631000 rw-p 00131000 08:06 2368053                    /usr/lib/x86_64-linux-gnu/libX11.so.6.3.0
7fd02e631000-7fd02e636000 r-xp 00000000 08:06 2368096                    /usr/lib/x86_64-linux-gnu/libXtst.so.6.1.0
7fd02e636000-7fd02e835000 ---p 00005000 08:06 2368096                    /usr/lib/x86_64-linux-gnu/libXtst.so.6.1.0
7fd02e835000-7fd02e836000 r--p 00004000 08:06 2368096                    /usr/lib/x86_64-linux-gnu/libXtst.so.6.1.0
7fd02e836000-7fd02e837000 rw-p 00005000 08:06 2368096                    /usr/lib/x86_64-linux-gnu/libXtst.so.6.1.0
7fd02e837000-7fd02e941000 r-xp 00000000 08:06 659813                     /lib/x86_64-linux-gnu/libglib-2.0.so.0.4200.2
7fd02e941000-7fd02eb40000 ---p 0010a000 08:06 659813                     /lib/x86_64-linux-gnu/libglib-2.0.so.0.4200.2
7fd02eb40000-7fd02eb41000 r--p 00109000 08:06 659813                     /lib/x86_64-linux-gnu/libglib-2.0.so.0.4200.2
7fd02eb41000-7fd02eb42000 rw-p 0010a000 08:06 659813                     /lib/x86_64-linux-gnu/libglib-2.0.so.0.4200.2
7fd02eb42000-7fd02eb43000 rw-p 00000000 00:00 0 
7fd02eb43000-7fd02eb44000 r-xp 00000000 08:06 2368528                    /usr/lib/x86_64-linux-gnu/libgthread-2.0.so.0.4200.2
7fd02eb44000-7fd02ed43000 ---p 00001000 08:06 2368528                    /usr/lib/x86_64-linux-gnu/libgthread-2.0.so.0.4200.2
7fd02ed43000-7fd02ed44000 r--p 00000000 08:06 2368528                    /usr/lib/x86_64-linux-gnu/libgthread-2.0.so.0.4200.2
7fd02ed44000-7fd02ed45000 rw-p 00001000 08:06 2368528                    /usr/lib/x86_64-linux-gnu/libgthread-2.0.so.0.4200.2
7fd02ed45000-7fd02ed48000 r-xp 00000000 08:06 2368404                    /usr/lib/x86_64-linux-gnu/libgmodule-2.0.so.0.4200.2
7fd02ed48000-7fd02ef47000 ---p 00003000 08:06 2368404                    /usr/lib/x86_64-linux-gnu/libgmodule-2.0.so.0.4200.2
7fd02ef47000-7fd02ef48000 r--p 00002000 08:06 2368404                    /usr/lib/x86_64-linux-gnu/libgmodule-2.0.so.0.4200.2
7fd02ef48000-7fd02ef49000 rw-p 00003000 08:06 2368404                    /usr/lib/x86_64-linux-gnu/libgmodule-2.0.so.0.4200.2
7fd02ef49000-7fd02ef98000 r-xp 00000000 08:06 2368422                    /usr/lib/x86_64-linux-gnu/libgobject-2.0.so.0.4200.2
7fd02ef98000-7fd02f198000 ---p 0004f000 08:06 2368422                    /usr/lib/x86_64-linux-gnu/libgobject-2.0.so.0.4200.2
7fd02f198000-7fd02f199000 r--p 0004f000 08:06 2368422                    /usr/lib/x86_64-linux-gnu/libgobject-2.0.so.0.4200.2
7fd02f199000-7fd02f19a000 rw-p 00050000 08:06 2368422                    /usr/lib/x86_64-linux-gnu/libgobject-2.0.so.0.4200.2
7fd02f19a000-7fd02f1d4000 r-xp 00000000 08:06 2368327                    /usr/lib/x86_64-linux-gnu/libfontconfig.so.1.8.0
7fd02f1d4000-7fd02f3d3000 ---p 0003a000 08:06 2368327                    /usr/lib/x86_64-linux-gnu/libfontconfig.so.1.8.0
7fd02f3d3000-7fd02f3d5000 r--p 00039000 08:06 2368327                    /usr/lib/x86_64-linux-gnu/libfontconfig.so.1.8.0
7fd02f3d5000-7fd02f3d6000 rw-p 0003b000 08:06 2368327                    /usr/lib/x86_64-linux-gnu/libfontconfig.so.1.8.0
7fd02f3d6000-7fd02f473000 r-xp 00000000 08:06 2373442                    /usr/lib/x86_64-linux-gnu/libfreetype.so.6.11.1
7fd02f473000-7fd02f672000 ---p 0009d000 08:06 2373442                    /usr/lib/x86_64-linux-gnu/libfreetype.so.6.11.1
7fd02f672000-7fd02f678000 r--p 0009c000 08:06 2373442                    /usr/lib/x86_64-linux-gnu/libfreetype.so.6.11.1
7fd02f678000-7fd02f679000 rw-p 000a2000 08:06 2373442                    /usr/lib/x86_64-linux-gnu/libfreetype.so.6.11.1
7fd02f679000-7fd02f6c3000 r-xp 00000000 08:06 2368748                    /usr/lib/x86_64-linux-gnu/libpango-1.0.so.0.3600.8
7fd02f6c3000-7fd02f8c3000 ---p 0004a000 08:06 2368748                    /usr/lib/x86_64-linux-gnu/libpango-1.0.so.0.3600.8
7fd02f8c3000-7fd02f8c5000 r--p 0004a000 08:06 2368748                    /usr/lib/x86_64-linux-gnu/libpango-1.0.so.0.3600.8
7fd02f8c5000-7fd02f8c6000 rw-p 0004c000 08:06 2368748                    /usr/lib/x86_64-linux-gnu/libpango-1.0.so.0.3600.8
7fd02f8c6000-7fd02f9cd000 r-xp 00000000 08:06 2368183                    /usr/lib/x86_64-linux-gnu/libcairo.so.2.11400.2
7fd02f9cd000-7fd02fbcc000 ---p 00107000 08:06 2368183                    /usr/lib/x86_64-linux-gnu/libcairo.so.2.11400.2
7fd02fbcc000-7fd02fbcf000 r--p 00106000 08:06 2368183                    /usr/lib/x86_64-linux-gnu/libcairo.so.2.11400.2
7fd02fbcf000-7fd02fbd0000 rw-p 00109000 08:06 2368183                    /usr/lib/x86_64-linux-gnu/libcairo.so.2.11400.2
7fd02fbd0000-7fd02fbd2000 rw-p 00000000 00:00 0 
7fd02fbd2000-7fd02fbde000 r-xp 00000000 08:06 2368750                    /usr/lib/x86_64-linux-gnu/libpangocairo-1.0.so.0.3600.8
7fd02fbde000-7fd02fddd000 ---p 0000c000 08:06 2368750                    /usr/lib/x86_64-linux-gnu/libpangocairo-1.0.so.0.3600.8
7fd02fddd000-7fd02fdde000 r--p 0000b000 08:06 2368750                    /usr/lib/x86_64-linux-gnu/libpangocairo-1.0.so.0.3600.8
7fd02fdde000-7fd02fddf000 rw-p 0000c000 08:06 2368750                    /usr/lib/x86_64-linux-gnu/libpangocairo-1.0.so.0.3600.8
7fd02fddf000-7fd02fdff000 r-xp 00000000 08:06 2368304                    /usr/lib/x86_64-linux-gnu/libgdk_pixbuf-2.0.so.0.3000.7
7fd02fdff000-7fd02fffe000 ---p 00020000 08:06 2368304                    /usr/lib/x86_64-linux-gnu/libgdk_pixbuf-2.0.so.0.3000.7
7fd02fffe000-7fd02ffff000 r--p 0001f000 08:06 2368304                    /usr/lib/x86_64-linux-gnu/libgdk_pixbuf-2.0.so.0.3000.7
7fd02ffff000-7fd030000000 rw-p 00020000 08:06 2368304                    /usr/lib/x86_64-linux-gnu/libgdk_pixbuf-2.0.so.0.3000.7
7fd030000000-7fd030021000 rw-p 00000000 00:00 0 
7fd030021000-7fd034000000 ---p 00000000 00:00 0 
7fd034000000-7fd034001000 r--s 00000000 08:06 524360                     /var/cache/fontconfig/0b3f2427388044a01a5738fa4b8cc9d1-le64.cache-4
7fd034001000-7fd034003000 r--s 00000000 08:06 524403                     /var/cache/fontconfig/e8d703157d3641d20c7e900be2e8d091-le64.cache-4
7fd034003000-7fd03400c000 r--s 000e4000 08:06 923281                     /home/jomcell/git/Apostila/Trabalho/src/mysql-connector-java-5.1.35-bin.jar
7fd03400c000-7fd034020000 r-xp 00000000 08:06 2368752                    /usr/lib/x86_64-linux-gnu/libpangoft2-1.0.so.0.3600.8
7fd034020000-7fd03421f000 ---p 00014000 08:06 2368752                    /usr/lib/x86_64-linux-gnu/libpangoft2-1.0.so.0.3600.8
7fd03421f000-7fd034220000 r--p 00013000 08:06 2368752                    /usr/lib/x86_64-linux-gnu/libpangoft2-1.0.so.0.3600.8
7fd034220000-7fd034221000 rw-p 00014000 08:06 2368752                    /usr/lib/x86_64-linux-gnu/libpangoft2-1.0.so.0.3600.8
7fd034221000-7fd03438d000 r-xp 00000000 08:06 2368392                    /usr/lib/x86_64-linux-gnu/libgio-2.0.so.0.4200.2
7fd03438d000-7fd03458d000 ---p 0016c000 08:06 2368392                    /usr/lib/x86_64-linux-gnu/libgio-2.0.so.0.4200.2
7fd03458d000-7fd034591000 r--p 0016c000 08:06 2368392                    /usr/lib/x86_64-linux-gnu/libgio-2.0.so.0.4200.2
7fd034591000-7fd034593000 rw-p 00170000 08:06 2368392                    /usr/lib/x86_64-linux-gnu/libgio-2.0.so.0.4200.2
7fd034593000-7fd034595000 rw-p 00000000 00:00 0 
7fd034595000-7fd0345b7000 r-xp 00000000 08:06 2368144                    /usr/lib/x86_64-linux-gnu/libatk-1.0.so.0.21409.1
7fd0345b7000-7fd0347b6000 ---p 00022000 08:06 2368144                    /usr/lib/x86_64-linux-gnu/libatk-1.0.so.0.21409.1
7fd0347b6000-7fd0347b9000 r--p 00021000 08:06 2368144                    /usr/lib/x86_64-linux-gnu/libatk-1.0.so.0.21409.1
7fd0347b9000-7fd0347ba000 rw-p 00024000 08:06 2368144                    /usr/lib/x86_64-linux-gnu/libatk-1.0.so.0.21409.1
7fd0347ba000-7fd034868000 r-xp 00000000 08:06 2368345                    /usr/lib/x86_64-linux-gnu/libgdk-x11-2.0.so.0.2400.23
7fd034868000-7fd034a67000 ---p 000ae000 08:06 2368345                    /usr/lib/x86_64-linux-gnu/libgdk-x11-2.0.so.0.2400.23
7fd034a67000-7fd034a6b000 r--p 000ad000 08:06 2368345                    /usr/lib/x86_64-linux-gnu/libgdk-x11-2.0.so.0.2400.23
7fd034a6b000-7fd034a6d000 rw-p 000b1000 08:06 2368345                    /usr/lib/x86_64-linux-gnu/libgdk-x11-2.0.so.0.2400.23
7fd034a6d000-7fd034e9d000 r-xp 00000000 08:06 2368346                    /usr/lib/x86_64-linux-gnu/libgtk-x11-2.0.so.0.2400.23
7fd034e9d000-7fd03509c000 ---p 00430000 08:06 2368346                    /usr/lib/x86_64-linux-gnu/libgtk-x11-2.0.so.0.2400.23
7fd03509c000-7fd0350a3000 r--p 0042f000 08:06 2368346                    /usr/lib/x86_64-linux-gnu/libgtk-x11-2.0.so.0.2400.23
7fd0350a3000-7fd0350a7000 rw-p 00436000 08:06 2368346                    /usr/lib/x86_64-linux-gnu/libgtk-x11-2.0.so.0.2400.23
7fd0350a7000-7fd0350aa000 rw-p 00000000 00:00 0 
7fd0350aa000-7fd0350b6000 r-xp 00000000 08:06 2893451                    /usr/local/java/jre1.8.0_65/lib/amd64/libprism_es2.so
7fd0350b6000-7fd0352b5000 ---p 0000c000 08:06 2893451                    /usr/local/java/jre1.8.0_65/lib/amd64/libprism_es2.so
7fd0352b5000-7fd0352b6000 rw-p 0000b000 08:06 2893451                    /usr/local/java/jre1.8.0_65/lib/amd64/libprism_es2.so
7fd0352b6000-7fd0352b9000 ---p 00000000 00:00 0 
7fd0352b9000-7fd0353b7000 rw-p 00000000 00:00 0                          [stack:2902]
7fd0353b7000-7fd0353b8000 ---p 00000000 00:00 0 
7fd0353b8000-7fd0354b8000 rw-p 00000000 00:00 0                          [stack:2901]
7fd0354b8000-7fd0354bb000 ---p 00000000 00:00 0 
7fd0354bb000-7fd0355b9000 rw-p 00000000 00:00 0                          [stack:2900]
7fd0355b9000-7fd0355bc000 ---p 00000000 00:00 0 
7fd0355bc000-7fd0356ba000 rw-p 00000000 00:00 0                          [stack:2899]
7fd0356ba000-7fd0356bd000 ---p 00000000 00:00 0 
7fd0356bd000-7fd0357bb000 rw-p 00000000 00:00 0                          [stack:2898]
7fd0357bb000-7fd0357be000 ---p 00000000 00:00 0 
7fd0357be000-7fd0358bc000 rw-p 00000000 00:00 0                          [stack:2897]
7fd0358bc000-7fd0358bf000 ---p 00000000 00:00 0 
7fd0358bf000-7fd0359bd000 rw-p 00000000 00:00 0                          [stack:2896]
7fd0359bd000-7fd0359c0000 ---p 00000000 00:00 0 
7fd0359c0000-7fd035abe000 rw-p 00000000 00:00 0                          [stack:2895]
7fd035abe000-7fd035ffe000 r--p 00000000 08:06 2363601                    /usr/lib/locale/locale-archive
7fd035ffe000-7fd036001000 ---p 00000000 00:00 0 
7fd036001000-7fd0360ff000 rw-p 00000000 00:00 0                          [stack:2894]
7fd0360ff000-7fd036102000 ---p 00000000 00:00 0 
7fd036102000-7fd038000000 rw-p 00000000 00:00 0                          [stack:2893]
7fd038000000-7fd038021000 rw-p 00000000 00:00 0 
7fd038021000-7fd03c000000 ---p 00000000 00:00 0 
7fd03c000000-7fd03c021000 rw-p 00000000 00:00 0 
7fd03c021000-7fd040000000 ---p 00000000 00:00 0 
7fd040000000-7fd040021000 rw-p 00000000 00:00 0 
7fd040021000-7fd044000000 ---p 00000000 00:00 0 
7fd044000000-7fd044001000 r--s 00000000 08:06 524359                     /var/cache/fontconfig/0941b6d3777f1e64883d36fd6d84a52f-le64.cache-4
7fd044001000-7fd044003000 r--s 00000000 08:06 524379                     /var/cache/fontconfig/6a6dfed4a7d1e4367ef225093de82110-le64.cache-4
7fd044003000-7fd044004000 r--s 00000000 08:06 524362                     /var/cache/fontconfig/0c9eb80ebd1c36541ebe2852d3bb0c49-le64.cache-4
7fd044004000-7fd044008000 r--s 00000000 08:06 548701                     /var/cache/fontconfig/7ef2298fde41cc6eeb7af42e48b7d293-le64.cache-4
7fd044008000-7fd04401b000 rw-s 149885000 00:06 17998                     /dev/nvidiactl
7fd04401b000-7fd04405b000 rw-s 149941000 00:06 17998                     /dev/nvidiactl
7fd04405b000-7fd0440f1000 r--s 01107000 08:06 2893581                    /usr/local/java/jre1.8.0_65/lib/ext/jfxrt.jar
7fd0440f1000-7fd0440f2000 ---p 00000000 00:00 0 
7fd0440f2000-7fd045000000 rw-p 00000000 00:00 0                          [stack:2892]
7fd045000000-7fd0459f0000 rwxp 00000000 00:00 0 
7fd0459f0000-7fd054000000 ---p 00000000 00:00 0 
7fd054000000-7fd054424000 rw-p 00000000 00:00 0 
7fd054424000-7fd058000000 ---p 00000000 00:00 0 
7fd058000000-7fd058001000 r--s 00000000 08:06 524358                     /var/cache/fontconfig/0506017f1240826ed812c3e90c95875e-le64.cache-4
7fd058001000-7fd058002000 r--s 00008000 08:06 1185623                    /home/jomcell/.eclipse/org.eclipse.platform_4.4.2_1473617060_linux_gtk_x86_64/plugins/org.eclipse.fx.ide.css.jfx8_2.1.0.201508240705.jar
7fd058002000-7fd058004000 rw-s 00000000 08:06 3702589                    /tmp/.glrYIAt1 (deleted)
7fd058004000-7fd05800b000 r--s 00000000 08:06 2495907                    /usr/lib/x86_64-linux-gnu/gconv/gconv-modules.cache
7fd05801b000-7fd058021000 r--s 002f8000 08:06 2640795                    /usr/local/java/jre1.8.0_65/lib/charsets.jar
7fd058021000-7fd05802b000 r--s 00116000 08:06 2893502                    /usr/local/java/jre1.8.0_65/lib/ext/localedata.jar
7fd05802b000-7fd058e61000 rw-p 00000000 00:00 0 
7fd058e61000-7fd059039000 r--s 03d20000 08:06 2640803                    /usr/local/java/jre1.8.0_65/lib/rt.jar
7fd059039000-7fd059a8f000 rw-p 00000000 00:00 0 
7fd059a8f000-7fd059a90000 ---p 00000000 00:00 0 
7fd059a90000-7fd059b90000 rw-p 00000000 00:00 0                          [stack:2891]
7fd059b90000-7fd059b91000 ---p 00000000 00:00 0 
7fd059b91000-7fd059c91000 rw-p 00000000 00:00 0                          [stack:2890]
7fd059c91000-7fd059c92000 ---p 00000000 00:00 0 
7fd059c92000-7fd059d92000 rw-p 00000000 00:00 0                          [stack:2889]
7fd059d92000-7fd059d93000 ---p 00000000 00:00 0 
7fd059d93000-7fd059e93000 rw-p 00000000 00:00 0                          [stack:2888]
7fd059e93000-7fd059e94000 ---p 00000000 00:00 0 
7fd059e94000-7fd059f94000 rw-p 00000000 00:00 0                          [stack:2887]
7fd059f94000-7fd059f95000 ---p 00000000 00:00 0 
7fd059f95000-7fd05a095000 rw-p 00000000 00:00 0                          [stack:2886]
7fd05a095000-7fd05a096000 ---p 00000000 00:00 0 
7fd05a096000-7fd05a196000 rw-p 00000000 00:00 0                          [stack:2885]
7fd05a196000-7fd05a197000 ---p 00000000 00:00 0 
7fd05a197000-7fd05a2ac000 rw-p 00000000 00:00 0                          [stack:2884]
7fd05a2ac000-7fd05a3d7000 ---p 00000000 00:00 0 
7fd05a3d7000-7fd05a3ec000 rw-p 00000000 00:00 0 
7fd05a3ec000-7fd05a517000 ---p 00000000 00:00 0 
7fd05a517000-7fd05a523000 rw-p 00000000 00:00 0 
7fd05a523000-7fd05a5b7000 ---p 00000000 00:00 0 
7fd05a5b7000-7fd05a5e0000 rw-p 00000000 00:00 0 
7fd05a5e0000-7fd05a978000 ---p 00000000 00:00 0 
7fd05a978000-7fd05a992000 r-xp 00000000 08:06 2893405                    /usr/local/java/jre1.8.0_65/lib/amd64/libzip.so
7fd05a992000-7fd05ab92000 ---p 0001a000 08:06 2893405                    /usr/local/java/jre1.8.0_65/lib/amd64/libzip.so
7fd05ab92000-7fd05ab93000 rw-p 0001a000 08:06 2893405                    /usr/local/java/jre1.8.0_65/lib/amd64/libzip.so
7fd05ab93000-7fd05ab9e000 r-xp 00000000 08:06 659857                     /lib/x86_64-linux-gnu/libnss_files-2.19.so
7fd05ab9e000-7fd05ad9d000 ---p 0000b000 08:06 659857                     /lib/x86_64-linux-gnu/libnss_files-2.19.so
7fd05ad9d000-7fd05ad9e000 r--p 0000a000 08:06 659857                     /lib/x86_64-linux-gnu/libnss_files-2.19.so
7fd05ad9e000-7fd05ad9f000 rw-p 0000b000 08:06 659857                     /lib/x86_64-linux-gnu/libnss_files-2.19.so
7fd05ad9f000-7fd05adaa000 r-xp 00000000 08:06 659867                     /lib/x86_64-linux-gnu/libnss_nis-2.19.so
7fd05adaa000-7fd05afa9000 ---p 0000b000 08:06 659867                     /lib/x86_64-linux-gnu/libnss_nis-2.19.so
7fd05afa9000-7fd05afaa000 r--p 0000a000 08:06 659867                     /lib/x86_64-linux-gnu/libnss_nis-2.19.so
7fd05afaa000-7fd05afab000 rw-p 0000b000 08:06 659867                     /lib/x86_64-linux-gnu/libnss_nis-2.19.so
7fd05afab000-7fd05afc2000 r-xp 00000000 08:06 659851                     /lib/x86_64-linux-gnu/libnsl-2.19.so
7fd05afc2000-7fd05b1c1000 ---p 00017000 08:06 659851                     /lib/x86_64-linux-gnu/libnsl-2.19.so
7fd05b1c1000-7fd05b1c2000 r--p 00016000 08:06 659851                     /lib/x86_64-linux-gnu/libnsl-2.19.so
7fd05b1c2000-7fd05b1c3000 rw-p 00017000 08:06 659851                     /lib/x86_64-linux-gnu/libnsl-2.19.so
7fd05b1c3000-7fd05b1c5000 rw-p 00000000 00:00 0 
7fd05b1c5000-7fd05b1ce000 r-xp 00000000 08:06 659853                     /lib/x86_64-linux-gnu/libnss_compat-2.19.so
7fd05b1ce000-7fd05b3cd000 ---p 00009000 08:06 659853                     /lib/x86_64-linux-gnu/libnss_compat-2.19.so
7fd05b3cd000-7fd05b3ce000 r--p 00008000 08:06 659853                     /lib/x86_64-linux-gnu/libnss_compat-2.19.so
7fd05b3ce000-7fd05b3cf000 rw-p 00009000 08:06 659853                     /lib/x86_64-linux-gnu/libnss_compat-2.19.so
7fd05b3cf000-7fd05b3f9000 r-xp 00000000 08:06 2893384                    /usr/local/java/jre1.8.0_65/lib/amd64/libjava.so
7fd05b3f9000-7fd05b5f9000 ---p 0002a000 08:06 2893384                    /usr/local/java/jre1.8.0_65/lib/amd64/libjava.so
7fd05b5f9000-7fd05b5fb000 rw-p 0002a000 08:06 2893384                    /usr/local/java/jre1.8.0_65/lib/amd64/libjava.so
7fd05b5fb000-7fd05b608000 r-xp 00000000 08:06 2893399                    /usr/local/java/jre1.8.0_65/lib/amd64/libverify.so
7fd05b608000-7fd05b808000 ---p 0000d000 08:06 2893399                    /usr/local/java/jre1.8.0_65/lib/amd64/libverify.so
7fd05b808000-7fd05b80a000 rw-p 0000d000 08:06 2893399                    /usr/local/java/jre1.8.0_65/lib/amd64/libverify.so
7fd05b80a000-7fd05b811000 r-xp 00000000 08:06 659910                     /lib/x86_64-linux-gnu/librt-2.19.so
7fd05b811000-7fd05ba10000 ---p 00007000 08:06 659910                     /lib/x86_64-linux-gnu/librt-2.19.so
7fd05ba10000-7fd05ba11000 r--p 00006000 08:06 659910                     /lib/x86_64-linux-gnu/librt-2.19.so
7fd05ba11000-7fd05ba12000 rw-p 00007000 08:06 659910                     /lib/x86_64-linux-gnu/librt-2.19.so
7fd05ba12000-7fd05bb17000 r-xp 00000000 08:06 659832                     /lib/x86_64-linux-gnu/libm-2.19.so
7fd05bb17000-7fd05bd16000 ---p 00105000 08:06 659832                     /lib/x86_64-linux-gnu/libm-2.19.so
7fd05bd16000-7fd05bd17000 r--p 00104000 08:06 659832                     /lib/x86_64-linux-gnu/libm-2.19.so
7fd05bd17000-7fd05bd18000 rw-p 00105000 08:06 659832                     /lib/x86_64-linux-gnu/libm-2.19.so
7fd05bd18000-7fd05c9d6000 r-xp 00000000 08:06 2893445                    /usr/local/java/jre1.8.0_65/lib/amd64/server/libjvm.so
7fd05c9d6000-7fd05cbd5000 ---p 00cbe000 08:06 2893445                    /usr/local/java/jre1.8.0_65/lib/amd64/server/libjvm.so
7fd05cbd5000-7fd05ccad000 rw-p 00cbd000 08:06 2893445                    /usr/local/java/jre1.8.0_65/lib/amd64/server/libjvm.so
7fd05ccad000-7fd05ccf2000 rw-p 00000000 00:00 0 
7fd05ccf2000-7fd05cead000 r-xp 00000000 08:06 659782                     /lib/x86_64-linux-gnu/libc-2.19.so
7fd05cead000-7fd05d0ac000 ---p 001bb000 08:06 659782                     /lib/x86_64-linux-gnu/libc-2.19.so
7fd05d0ac000-7fd05d0b0000 r--p 001ba000 08:06 659782                     /lib/x86_64-linux-gnu/libc-2.19.so
7fd05d0b0000-7fd05d0b2000 rw-p 001be000 08:06 659782                     /lib/x86_64-linux-gnu/libc-2.19.so
7fd05d0b2000-7fd05d0b7000 rw-p 00000000 00:00 0 
7fd05d0b7000-7fd05d0ba000 r-xp 00000000 08:06 659799                     /lib/x86_64-linux-gnu/libdl-2.19.so
7fd05d0ba000-7fd05d2b9000 ---p 00003000 08:06 659799                     /lib/x86_64-linux-gnu/libdl-2.19.so
7fd05d2b9000-7fd05d2ba000 r--p 00002000 08:06 659799                     /lib/x86_64-linux-gnu/libdl-2.19.so
7fd05d2ba000-7fd05d2bb000 rw-p 00003000 08:06 659799                     /lib/x86_64-linux-gnu/libdl-2.19.so
7fd05d2bb000-7fd05d2d0000 r-xp 00000000 08:06 2893394                    /usr/local/java/jre1.8.0_65/lib/amd64/jli/libjli.so
7fd05d2d0000-7fd05d4d0000 ---p 00015000 08:06 2893394                    /usr/local/java/jre1.8.0_65/lib/amd64/jli/libjli.so
7fd05d4d0000-7fd05d4d1000 rw-p 00015000 08:06 2893394                    /usr/local/java/jre1.8.0_65/lib/amd64/jli/libjli.so
7fd05d4d1000-7fd05d4ea000 r-xp 00000000 08:06 659902                     /lib/x86_64-linux-gnu/libpthread-2.19.so
7fd05d4ea000-7fd05d6e9000 ---p 00019000 08:06 659902                     /lib/x86_64-linux-gnu/libpthread-2.19.so
7fd05d6e9000-7fd05d6ea000 r--p 00018000 08:06 659902                     /lib/x86_64-linux-gnu/libpthread-2.19.so
7fd05d6ea000-7fd05d6eb000 rw-p 00019000 08:06 659902                     /lib/x86_64-linux-gnu/libpthread-2.19.so
7fd05d6eb000-7fd05d6ef000 rw-p 00000000 00:00 0 
7fd05d6ef000-7fd05d712000 r-xp 00000000 08:06 659758                     /lib/x86_64-linux-gnu/ld-2.19.so
7fd05d712000-7fd05d713000 rw-s 14988d000 00:06 17998                     /dev/nvidiactl
7fd05d713000-7fd05d717000 rw-s 12b71f000 00:06 17998                     /dev/nvidiactl
7fd05d717000-7fd05d7e9000 rw-p 00000000 00:00 0 
7fd05d7e9000-7fd05d7ec000 ---p 00000000 00:00 0 
7fd05d7ec000-7fd05d8ee000 rw-p 00000000 00:00 0                          [stack:2883]
7fd05d8ee000-7fd05d8ef000 rw-s afd61000 00:06 18001                      /dev/nvidia0
7fd05d8ef000-7fd05d8f0000 rw-s afd61000 00:06 18001                      /dev/nvidia0
7fd05d8f0000-7fd05d8f1000 rw-s 149927000 00:06 17998                     /dev/nvidiactl
7fd05d8f1000-7fd05d8f2000 rw-s d2060000 00:06 18001                      /dev/nvidia0
7fd05d8f2000-7fd05d905000 rw-p 00000000 00:00 0 
7fd05d905000-7fd05d90d000 rw-s 00000000 08:06 3702583                    /tmp/hsperfdata_jomcell/2873
7fd05d90d000-7fd05d90e000 rw-p 00000000 00:00 0 
7fd05d90e000-7fd05d90f000 r--p 00000000 00:00 0 
7fd05d90f000-7fd05d911000 rw-p 00000000 00:00 0 
7fd05d911000-7fd05d912000 r--p 00022000 08:06 659758                     /lib/x86_64-linux-gnu/ld-2.19.so
7fd05d912000-7fd05d913000 rw-p 00023000 08:06 659758                     /lib/x86_64-linux-gnu/ld-2.19.so
7fd05d913000-7fd05d914000 rw-p 00000000 00:00 0 
7ffd23cb4000-7ffd23cd5000 rw-p 00000000 00:00 0                          [stack]
7ffd23d11000-7ffd23d13000 r--p 00000000 00:00 0                          [vvar]
7ffd23d13000-7ffd23d15000 r-xp 00000000 00:00 0                          [vdso]
ffffffffff600000-ffffffffff601000 r-xp 00000000 00:00 0                  [vsyscall]

VM Arguments:
jvm_args: -Dfile.encoding=UTF-8 
java_command: application.Main
java_class_path (initial): /home/jomcell/workspace/InterfaceApostila/bin:/home/jomcell/git/Apostila/Trabalho/src/mysql-connector-java-5.1.35-bin.jar:/home/jomcell/.eclipse/org.eclipse.platform_4.4.2_1473617060_linux_gtk_x86_64/plugins/org.eclipse.fx.ide.css.jfx8_2.1.0.201508240705.jar
Launcher Type: SUN_STANDARD

Environment Variables:
JAVA_HOME=/usr/lib/jvm/java-8-oracle
PATH=/usr/local/sbin:/usr/local/bin:/usr/sbin:/usr/bin:/sbin:/bin:/usr/games:/usr/local/games:/home/jomcell/bin:/usr/lib/jvm/java-8-oracle/bin
SHELL=/bin/bash
DISPLAY=:0

Signal Handlers:
SIGSEGV: [libjvm.so+0xaba070], sa_mask[0]=11111111011111111101111111111110, sa_flags=SA_RESTART|SA_SIGINFO
SIGBUS: [libjvm.so+0xaba070], sa_mask[0]=11111111011111111101111111111110, sa_flags=SA_RESTART|SA_SIGINFO
SIGFPE: [libjvm.so+0x917630], sa_mask[0]=11111111011111111101111111111110, sa_flags=SA_RESTART|SA_SIGINFO
SIGPIPE: SIG_IGN, sa_mask[0]=00000000000010000000000000000000, sa_flags=SA_RESTART
SIGXFSZ: [libjvm.so+0x917630], sa_mask[0]=11111111011111111101111111111110, sa_flags=SA_RESTART|SA_SIGINFO
SIGILL: [libjvm.so+0x917630], sa_mask[0]=11111111011111111101111111111110, sa_flags=SA_RESTART|SA_SIGINFO
SIGUSR1: SIG_DFL, sa_mask[0]=00000000000000000000000000000000, sa_flags=none
SIGUSR2: [libjvm.so+0x918c60], sa_mask[0]=00100000000000000000000000000000, sa_flags=SA_RESTART|SA_SIGINFO
SIGHUP: [libjvm.so+0x91a060], sa_mask[0]=11111111011111111101111111111110, sa_flags=SA_RESTART|SA_SIGINFO
SIGINT: [libjvm.so+0x91a060], sa_mask[0]=11111111011111111101111111111110, sa_flags=SA_RESTART|SA_SIGINFO
SIGTERM: [libjvm.so+0x91a060], sa_mask[0]=11111111011111111101111111111110, sa_flags=SA_RESTART|SA_SIGINFO
SIGQUIT: [libjvm.so+0x91a060], sa_mask[0]=11111111011111111101111111111110, sa_flags=SA_RESTART|SA_SIGINFO


---------------  S Y S T E M  ---------------

OS: